Script started on Thu 14 Sep 2017 05:12:21 PM PDT
]0;root@ubuntu: ~/prj1/test/cpuroot@ubuntu:~/prj1/test/cpu# python monitor.py
t1: ([(0, 1, 4968510000000L, 0)], [(True, False, False, False)])
t2: ([(0, 1, 4749380000000L, 0)], [(True, False, False, False)])
t3: ([(0, 1, 4525920000000L, 3)], [(False, False, False, True)])
t4: ([(0, 1, 5040490000000L, 0)], [(True, False, False, False)])
t5: ([(0, 1, 4965520000000L, 0)], [(True, False, False, False)])
t6: ([(0, 1, 4725920000000L, 0)], [(True, False, False, False)])
t7: ([(0, 1, 4775520000000L, 2)], [(False, False, True, False)])
t8: ([(0, 1, 4726460000000L, 1)], [(False, True, False, False)])
--------------------------------------------------------------------------------
0: 0.0 []
1: 0.0 []
2: 0.0 []
3: 0.0 []
--------------------------------------------------------------------------------
t1: ([(0, 1, 4968580000000L, 0)], [(True, False, False, False)])
t2: ([(0, 1, 4749460000000L, 0)], [(True, False, False, False)])
t3: ([(0, 1, 4526010000000L, 3)], [(False, False, False, True)])
t4: ([(0, 1, 5040580000000L, 0)], [(True, False, False, False)])
t5: ([(0, 1, 4965590000000L, 0)], [(True, False, False, False)])
t6: ([(0, 1, 4725970000000L, 0)], [(True, False, False, False)])
t7: ([(0, 1, 4775600000000L, 2)], [(False, False, True, False)])
t8: ([(0, 1, 4726580000000L, 1)], [(False, True, False, False)])
--------------------------------------------------------------------------------
0: 36.0 ['t1', 't2', 't4', 't5', 't6']
1: 12.0 ['t8']
2: 8.0 ['t7']
3: 9.0 ['t3']
--------------------------------------------------------------------------------
t1: ([(0, 1, 4968610000000L, 0)], [(True, False, False, False)])
t2: ([(0, 1, 4749500000000L, 3)], [(False, False, False, True)])
t3: ([(0, 1, 4526100000000L, 0)], [(True, False, False, False)])
t4: ([(0, 1, 5040620000000L, 3)], [(False, False, False, True)])
t5: ([(0, 1, 4965620000000L, 0)], [(True, False, False, False)])
t6: ([(0, 1, 4726020000000L, 3)], [(False, False, False, True)])
t7: ([(0, 1, 4775650000000L, 0)], [(True, False, False, False)])
t8: ([(0, 1, 4726610000000L, 3)], [(False, False, False, True)])
--------------------------------------------------------------------------------
0: 20.0 ['t1', 't3', 't5', 't7']
1: 0.0 []
2: 0.0 []
3: 16.0 ['t2', 't4', 't6', 't8']
--------------------------------------------------------------------------------
t1: ([(0, 1, 4968650000000L, 0)], [(True, False, False, False)])
t2: ([(0, 1, 4749530000000L, 3)], [(False, False, False, True)])
t3: ([(0, 1, 4526130000000L, 0)], [(True, False, False, False)])
t4: ([(0, 1, 5040650000000L, 3)], [(False, False, False, True)])
t5: ([(0, 1, 4965670000000L, 0)], [(True, False, False, False)])
t6: ([(0, 1, 4726050000000L, 3)], [(False, False, False, True)])
t7: ([(0, 1, 4775670000000L, 0)], [(True, False, False, False)])
t8: ([(0, 1, 4726640000000L, 3)], [(False, False, False, True)])
--------------------------------------------------------------------------------
0: 14.0 ['t1', 't3', 't5', 't7']
1: 0.0 []
2: 0.0 []
3: 12.0 ['t2', 't4', 't6', 't8']
--------------------------------------------------------------------------------
t1: ([(0, 1, 4968680000000L, 0)], [(True, False, False, False)])
t2: ([(0, 1, 4749550000000L, 3)], [(False, False, False, True)])
t3: ([(0, 1, 4526150000000L, 0)], [(True, False, False, False)])
t4: ([(0, 1, 5040680000000L, 3)], [(False, False, False, True)])
t5: ([(0, 1, 4965700000000L, 0)], [(True, False, False, False)])
t6: ([(0, 1, 4726080000000L, 3)], [(False, False, False, True)])
t7: ([(0, 1, 4775690000000L, 0)], [(True, False, False, False)])
t8: ([(0, 1, 4726670000000L, 3)], [(False, False, False, True)])
--------------------------------------------------------------------------------
0: 10.0 ['t1', 't3', 't5', 't7']
1: 0.0 []
2: 0.0 []
3: 11.0 ['t2', 't4', 't6', 't8']
--------------------------------------------------------------------------------
t1: ([(0, 1, 4968880000000L, 0)], [(True, False, False, False)])
t2: ([(0, 1, 4749770000000L, 3)], [(False, False, False, True)])
t3: ([(0, 1, 4526350000000L, 0)], [(True, False, False, False)])
t4: ([(0, 1, 5040870000000L, 3)], [(False, False, False, True)])
t5: ([(0, 1, 4965910000000L, 0)], [(True, False, False, False)])
t6: ([(0, 1, 4726260000000L, 3)], [(False, False, False, True)])
t7: ([(0, 1, 4775900000000L, 0)], [(True, False, False, False)])
t8: ([(0, 1, 4726920000000L, 3)], [(False, False, False, True)])
--------------------------------------------------------------------------------
0: 82.0 ['t1', 't3', 't5', 't7']
1: 0.0 []
2: 0.0 []
3: 84.0 ['t2', 't4', 't6', 't8']
--------------------------------------------------------------------------------
t1: ([(0, 1, 4969140000000L, 0)], [(True, False, False, False)])
t2: ([(0, 1, 4750110000000L, 1)], [(False, True, False, False)])
t3: ([(0, 1, 4526610000000L, 0)], [(True, False, False, False)])
t4: ([(0, 1, 5041100000000L, 3)], [(False, False, False, True)])
t5: ([(0, 1, 4966240000000L, 2)], [(False, False, True, False)])
t6: ([(0, 1, 4726480000000L, 3)], [(False, False, False, True)])
t7: ([(0, 1, 4776160000000L, 0)], [(True, False, False, False)])
t8: ([(0, 1, 4727260000000L, 3)], [(False, False, False, True)])
--------------------------------------------------------------------------------
0: 78.0 ['t1', 't3', 't7']
1: 34.0 ['t2']
2: 33.0 ['t5']
3: 79.0 ['t4', 't6', 't8']
--------------------------------------------------------------------------------
t1: ([(0, 1, 4969490000000L, 0)], [(True, False, False, False)])
t2: ([(0, 1, 4751110000000L, 1)], [(False, True, False, False)])
t3: ([(0, 1, 4526950000000L, 0)], [(True, False, False, False)])
t4: ([(0, 1, 5041420000000L, 3)], [(False, False, False, True)])
t5: ([(0, 1, 4967110000000L, 2)], [(False, False, True, False)])
t6: ([(0, 1, 4726770000000L, 3)], [(False, False, False, True)])
t7: ([(0, 1, 4776510000000L, 0)], [(True, False, False, False)])
t8: ([(0, 1, 4727700000000L, 3)], [(False, False, False, True)])
--------------------------------------------------------------------------------
0: 104.0 ['t1', 't3', 't7']
1: 100.0 ['t2']
2: 87.0 ['t5']
3: 105.0 ['t4', 't6', 't8']
--------------------------------------------------------------------------------
t1: ([(0, 1, 4969830000000L, 0)], [(True, False, False, False)])
t2: ([(0, 1, 4752130000000L, 1)], [(False, True, False, False)])
t3: ([(0, 1, 4527300000000L, 0)], [(True, False, False, False)])
t4: ([(0, 1, 5041720000000L, 3)], [(False, False, False, True)])
t5: ([(0, 1, 4968070000000L, 2)], [(False, False, True, False)])
t6: ([(0, 1, 4727050000000L, 3)], [(False, False, False, True)])
t7: ([(0, 1, 4776840000000L, 0)], [(True, False, False, False)])
t8: ([(0, 1, 4728130000000L, 3)], [(False, False, False, True)])
--------------------------------------------------------------------------------
0: 102.0 ['t1', 't3', 't7']
1: 102.0 ['t2']
2: 96.0 ['t5']
3: 101.0 ['t4', 't6', 't8']
--------------------------------------------------------------------------------
t1: ([(0, 1, 4970170000000L, 0)], [(True, False, False, False)])
t2: ([(0, 1, 4753000000000L, 3)], [(False, False, False, True)])
t3: ([(0, 1, 4527640000000L, 0)], [(True, False, False, False)])
t4: ([(0, 1, 5042050000000L, 3)], [(False, False, False, True)])
t5: ([(0, 1, 4969040000000L, 2)], [(False, False, True, False)])
t6: ([(0, 1, 4727360000000L, 3)], [(False, False, False, True)])
t7: ([(0, 1, 4777190000000L, 0)], [(True, False, False, False)])
t8: ([(0, 1, 4728710000000L, 1)], [(False, True, False, False)])
--------------------------------------------------------------------------------
0: 103.0 ['t1', 't3', 't7']
1: 58.0 ['t8']
2: 97.0 ['t5']
3: 151.0 ['t2', 't4', 't6']
--------------------------------------------------------------------------------
t1: ([(0, 1, 4970500000000L, 0)], [(True, False, False, False)])
t2: ([(0, 1, 4753280000000L, 3)], [(False, False, False, True)])
t3: ([(0, 1, 4528000000000L, 0)], [(True, False, False, False)])
t4: ([(0, 1, 5042440000000L, 3)], [(False, False, False, True)])
t5: ([(0, 1, 4970020000000L, 2)], [(False, False, True, False)])
t6: ([(0, 1, 4727730000000L, 3)], [(False, False, False, True)])
t7: ([(0, 1, 4777520000000L, 0)], [(True, False, False, False)])
t8: ([(0, 1, 4729720000000L, 1)], [(False, True, False, False)])
--------------------------------------------------------------------------------
0: 102.0 ['t1', 't3', 't7']
1: 101.0 ['t8']
2: 98.0 ['t5']
3: 104.0 ['t2', 't4', 't6']
--------------------------------------------------------------------------------
t1: ([(0, 1, 4970790000000L, 0)], [(True, False, False, False)])
t2: ([(0, 1, 4753560000000L, 3)], [(False, False, False, True)])
t3: ([(0, 1, 4528330000000L, 0)], [(True, False, False, False)])
t4: ([(0, 1, 5042800000000L, 3)], [(False, False, False, True)])
t5: ([(0, 1, 4970980000000L, 2)], [(False, False, True, False)])
t6: ([(0, 1, 4728120000000L, 3)], [(False, False, False, True)])
t7: ([(0, 1, 4777930000000L, 0)], [(True, False, False, False)])
t8: ([(0, 1, 4730740000000L, 1)], [(False, True, False, False)])
--------------------------------------------------------------------------------
0: 103.0 ['t1', 't3', 't7']
1: 102.0 ['t8']
2: 96.0 ['t5']
3: 103.0 ['t2', 't4', 't6']
--------------------------------------------------------------------------------
t1: ([(0, 1, 4971140000000L, 0)], [(True, False, False, False)])
t2: ([(0, 1, 4753870000000L, 3)], [(False, False, False, True)])
t3: ([(0, 1, 4528660000000L, 0)], [(True, False, False, False)])
t4: ([(0, 1, 5043180000000L, 3)], [(False, False, False, True)])
t5: ([(0, 1, 4971950000000L, 2)], [(False, False, True, False)])
t6: ([(0, 1, 4728430000000L, 0)], [(True, False, False, False)])
t7: ([(0, 1, 4778520000000L, 1)], [(False, True, False, False)])
t8: ([(0, 1, 4731510000000L, 3)], [(False, False, False, True)])
--------------------------------------------------------------------------------
0: 99.0 ['t1', 't3', 't6']
1: 59.0 ['t7']
2: 97.0 ['t5']
3: 146.0 ['t2', 't4', 't8']
--------------------------------------------------------------------------------
t1: ([(0, 1, 4971580000000L, 0)], [(True, False, False, False)])
t2: ([(0, 1, 4754180000000L, 3)], [(False, False, False, True)])
t3: ([(0, 1, 4529000000000L, 0)], [(True, False, False, False)])
t4: ([(0, 1, 5043560000000L, 3)], [(False, False, False, True)])
t5: ([(0, 1, 4972920000000L, 2)], [(False, False, True, False)])
t6: ([(0, 1, 4728670000000L, 0)], [(True, False, False, False)])
t7: ([(0, 1, 4779530000000L, 1)], [(False, True, False, False)])
t8: ([(0, 1, 4731850000000L, 3)], [(False, False, False, True)])
--------------------------------------------------------------------------------
0: 102.0 ['t1', 't3', 't6']
1: 101.0 ['t7']
2: 97.0 ['t5']
3: 103.0 ['t2', 't4', 't8']
--------------------------------------------------------------------------------
t1: ([(0, 1, 4972020000000L, 0)], [(True, False, False, False)])
t2: ([(0, 1, 4754450000000L, 3)], [(False, False, False, True)])
t3: ([(0, 1, 4529350000000L, 0)], [(True, False, False, False)])
t4: ([(0, 1, 5043900000000L, 3)], [(False, False, False, True)])
t5: ([(0, 1, 4973900000000L, 2)], [(False, False, True, False)])
t6: ([(0, 1, 4728910000000L, 0)], [(True, False, False, False)])
t7: ([(0, 1, 4780550000000L, 1)], [(False, True, False, False)])
t8: ([(0, 1, 4732260000000L, 3)], [(False, False, False, True)])
--------------------------------------------------------------------------------
0: 103.0 ['t1', 't3', 't6']
1: 102.0 ['t7']
2: 98.0 ['t5']
3: 102.0 ['t2', 't4', 't8']
--------------------------------------------------------------------------------
t1: ([(0, 1, 4972680000000L, 1)], [(False, True, False, False)])
t2: ([(0, 1, 4754720000000L, 3)], [(False, False, False, True)])
t3: ([(0, 1, 4529730000000L, 0)], [(True, False, False, False)])
t4: ([(0, 1, 5044260000000L, 3)], [(False, False, False, True)])
t5: ([(0, 1, 4974860000000L, 2)], [(False, False, True, False)])
t6: ([(0, 1, 4729170000000L, 0)], [(True, False, False, False)])
t7: ([(0, 1, 4781270000000L, 3)], [(False, False, False, True)])
t8: ([(0, 1, 4732680000000L, 0)], [(True, False, False, False)])
--------------------------------------------------------------------------------
0: 106.0 ['t3', 't6', 't8']
1: 66.0 ['t1']
2: 96.0 ['t5']
3: 135.0 ['t2', 't4', 't7']
--------------------------------------------------------------------------------
t1: ([(0, 1, 4973680000000L, 1)], [(False, True, False, False)])
t2: ([(0, 1, 4755020000000L, 3)], [(False, False, False, True)])
t3: ([(0, 1, 4530160000000L, 0)], [(True, False, False, False)])
t4: ([(0, 1, 5044640000000L, 3)], [(False, False, False, True)])
t5: ([(0, 1, 4975830000000L, 2)], [(False, False, True, False)])
t6: ([(0, 1, 4729470000000L, 0)], [(True, False, False, False)])
t7: ([(0, 1, 4781600000000L, 3)], [(False, False, False, True)])
t8: ([(0, 1, 4732970000000L, 0)], [(True, False, False, False)])
--------------------------------------------------------------------------------
0: 102.0 ['t3', 't6', 't8']
1: 100.0 ['t1']
2: 97.0 ['t5']
3: 101.0 ['t2', 't4', 't7']
--------------------------------------------------------------------------------
t1: ([(0, 1, 4974710000000L, 1)], [(False, True, False, False)])
t2: ([(0, 1, 4755340000000L, 3)], [(False, False, False, True)])
t3: ([(0, 1, 4530600000000L, 0)], [(True, False, False, False)])
t4: ([(0, 1, 5045020000000L, 3)], [(False, False, False, True)])
t5: ([(0, 1, 4976820000000L, 2)], [(False, False, True, False)])
t6: ([(0, 1, 4729770000000L, 0)], [(True, False, False, False)])
t7: ([(0, 1, 4781970000000L, 3)], [(False, False, False, True)])
t8: ([(0, 1, 4733270000000L, 0)], [(True, False, False, False)])
--------------------------------------------------------------------------------
0: 104.0 ['t3', 't6', 't8']
1: 103.0 ['t1']
2: 99.0 ['t5']
3: 107.0 ['t2', 't4', 't7']
--------------------------------------------------------------------------------
t1: ([(0, 1, 4975360000000L, 3)], [(False, False, False, True)])
t2: ([(0, 1, 4755660000000L, 3)], [(False, False, False, True)])
t3: ([(0, 1, 4531320000000L, 1)], [(False, True, False, False)])
t4: ([(0, 1, 5045370000000L, 0)], [(True, False, False, False)])
t5: ([(0, 1, 4977800000000L, 2)], [(False, False, True, False)])
t6: ([(0, 1, 4730100000000L, 0)], [(True, False, False, False)])
t7: ([(0, 1, 4782380000000L, 3)], [(False, False, False, True)])
t8: ([(0, 1, 4733590000000L, 0)], [(True, False, False, False)])
--------------------------------------------------------------------------------
0: 100.0 ['t4', 't6', 't8']
1: 72.0 ['t3']
2: 98.0 ['t5']
3: 138.0 ['t1', 't2', 't7']
--------------------------------------------------------------------------------
t1: ([(0, 1, 4975630000000L, 3)], [(False, False, False, True)])
t2: ([(0, 1, 4756010000000L, 3)], [(False, False, False, True)])
t3: ([(0, 1, 4532340000000L, 1)], [(False, True, False, False)])
t4: ([(0, 1, 5045680000000L, 0)], [(True, False, False, False)])
t5: ([(0, 1, 4978780000000L, 2)], [(False, False, True, False)])
t6: ([(0, 1, 4730470000000L, 0)], [(True, False, False, False)])
t7: ([(0, 1, 4782800000000L, 3)], [(False, False, False, True)])
t8: ([(0, 1, 4733940000000L, 0)], [(True, False, False, False)])
--------------------------------------------------------------------------------
0: 103.0 ['t4', 't6', 't8']
1: 102.0 ['t3']
2: 98.0 ['t5']
3: 104.0 ['t1', 't2', 't7']
--------------------------------------------------------------------------------
t1: ([(0, 1, 4975940000000L, 3)], [(False, False, False, True)])
t2: ([(0, 1, 4756320000000L, 3)], [(False, False, False, True)])
t3: ([(0, 1, 4533350000000L, 1)], [(False, True, False, False)])
t4: ([(0, 1, 5046010000000L, 0)], [(True, False, False, False)])
t5: ([(0, 1, 4979750000000L, 2)], [(False, False, True, False)])
t6: ([(0, 1, 4730820000000L, 0)], [(True, False, False, False)])
t7: ([(0, 1, 4783190000000L, 3)], [(False, False, False, True)])
t8: ([(0, 1, 4734280000000L, 0)], [(True, False, False, False)])
--------------------------------------------------------------------------------
0: 102.0 ['t4', 't6', 't8']
1: 101.0 ['t3']
2: 97.0 ['t5']
3: 101.0 ['t1', 't2', 't7']
--------------------------------------------------------------------------------
t1: ([(0, 1, 4976330000000L, 3)], [(False, False, False, True)])
t2: ([(0, 1, 4756650000000L, 3)], [(False, False, False, True)])
t3: ([(0, 1, 4533950000000L, 3)], [(False, False, False, True)])
t4: ([(0, 1, 5046350000000L, 0)], [(True, False, False, False)])
t5: ([(0, 1, 4980720000000L, 2)], [(False, False, True, False)])
t6: ([(0, 1, 4731170000000L, 0)], [(True, False, False, False)])
t7: ([(0, 1, 4783920000000L, 1)], [(False, True, False, False)])
t8: ([(0, 1, 4734620000000L, 0)], [(True, False, False, False)])
--------------------------------------------------------------------------------
0: 103.0 ['t4', 't6', 't8']
1: 73.0 ['t7']
2: 97.0 ['t5']
3: 132.0 ['t1', 't2', 't3']
--------------------------------------------------------------------------------
t1: ([(0, 1, 4976720000000L, 3)], [(False, False, False, True)])
t2: ([(0, 1, 4757000000000L, 3)], [(False, False, False, True)])
t3: ([(0, 1, 4534220000000L, 3)], [(False, False, False, True)])
t4: ([(0, 1, 5046690000000L, 0)], [(True, False, False, False)])
t5: ([(0, 1, 4981710000000L, 2)], [(False, False, True, False)])
t6: ([(0, 1, 4731520000000L, 0)], [(True, False, False, False)])
t7: ([(0, 1, 4784930000000L, 1)], [(False, True, False, False)])
t8: ([(0, 1, 4734960000000L, 0)], [(True, False, False, False)])
--------------------------------------------------------------------------------
0: 103.0 ['t4', 't6', 't8']
1: 101.0 ['t7']
2: 99.0 ['t5']
3: 101.0 ['t1', 't2', 't3']
--------------------------------------------------------------------------------
t1: ([(0, 1, 4977140000000L, 3)], [(False, False, False, True)])
t2: ([(0, 1, 4757350000000L, 3)], [(False, False, False, True)])
t3: ([(0, 1, 4534500000000L, 3)], [(False, False, False, True)])
t4: ([(0, 1, 5047040000000L, 0)], [(True, False, False, False)])
t5: ([(0, 1, 4982680000000L, 2)], [(False, False, True, False)])
t6: ([(0, 1, 4731860000000L, 0)], [(True, False, False, False)])
t7: ([(0, 1, 4785960000000L, 1)], [(False, True, False, False)])
t8: ([(0, 1, 4735300000000L, 0)], [(True, False, False, False)])
--------------------------------------------------------------------------------
0: 103.0 ['t4', 't6', 't8']
1: 103.0 ['t7']
2: 97.0 ['t5']
3: 105.0 ['t1', 't2', 't3']
--------------------------------------------------------------------------------
t1: ([(0, 1, 4977920000000L, 1)], [(False, True, False, False)])
t2: ([(0, 1, 4757740000000L, 3)], [(False, False, False, True)])
t3: ([(0, 1, 4534810000000L, 3)], [(False, False, False, True)])
t4: ([(0, 1, 5047380000000L, 0)], [(True, False, False, False)])
t5: ([(0, 1, 4983640000000L, 2)], [(False, False, True, False)])
t6: ([(0, 1, 4732220000000L, 0)], [(True, False, False, False)])
t7: ([(0, 1, 4786500000000L, 3)], [(False, False, False, True)])
t8: ([(0, 1, 4735630000000L, 0)], [(True, False, False, False)])
--------------------------------------------------------------------------------
0: 103.0 ['t4', 't6', 't8']
1: 78.0 ['t1']
2: 96.0 ['t5']
3: 124.0 ['t2', 't3', 't7']
--------------------------------------------------------------------------------
t1: ([(0, 1, 4978940000000L, 1)], [(False, True, False, False)])
t2: ([(0, 1, 4758140000000L, 3)], [(False, False, False, True)])
t3: ([(0, 1, 4535110000000L, 3)], [(False, False, False, True)])
t4: ([(0, 1, 5047720000000L, 0)], [(True, False, False, False)])
t5: ([(0, 1, 4984620000000L, 2)], [(False, False, True, False)])
t6: ([(0, 1, 4732570000000L, 0)], [(True, False, False, False)])
t7: ([(0, 1, 4786820000000L, 3)], [(False, False, False, True)])
t8: ([(0, 1, 4735960000000L, 0)], [(True, False, False, False)])
--------------------------------------------------------------------------------
0: 102.0 ['t4', 't6', 't8']
1: 102.0 ['t1']
2: 98.0 ['t5']
3: 102.0 ['t2', 't3', 't7']
--------------------------------------------------------------------------------
t1: ([(0, 1, 4979960000000L, 1)], [(False, True, False, False)])
t2: ([(0, 1, 4758500000000L, 3)], [(False, False, False, True)])
t3: ([(0, 1, 4535390000000L, 3)], [(False, False, False, True)])
t4: ([(0, 1, 5048060000000L, 0)], [(True, False, False, False)])
t5: ([(0, 1, 4985590000000L, 2)], [(False, False, True, False)])
t6: ([(0, 1, 4732910000000L, 0)], [(True, False, False, False)])
t7: ([(0, 1, 4787230000000L, 3)], [(False, False, False, True)])
t8: ([(0, 1, 4736300000000L, 0)], [(True, False, False, False)])
--------------------------------------------------------------------------------
0: 102.0 ['t4', 't6', 't8']
1: 102.0 ['t1']
2: 97.0 ['t5']
3: 105.0 ['t2', 't3', 't7']
--------------------------------------------------------------------------------
t1: ([(0, 1, 4980560000000L, 3)], [(False, False, False, True)])
t2: ([(0, 1, 4759320000000L, 1)], [(False, True, False, False)])
t3: ([(0, 1, 4535880000000L, 3)], [(False, False, False, True)])
t4: ([(0, 1, 5048340000000L, 0)], [(True, False, False, False)])
t5: ([(0, 1, 4986550000000L, 2)], [(False, False, True, False)])
t6: ([(0, 1, 4733200000000L, 0)], [(True, False, False, False)])
t7: ([(0, 1, 4787540000000L, 0)], [(True, False, False, False)])
t8: ([(0, 1, 4736580000000L, 0)], [(True, False, False, False)])
--------------------------------------------------------------------------------
0: 116.0 ['t4', 't6', 't7', 't8']
1: 82.0 ['t2']
2: 96.0 ['t5']
3: 109.0 ['t1', 't3']
--------------------------------------------------------------------------------
t1: ([(0, 1, 4981170000000L, 3)], [(False, False, False, True)])
t2: ([(0, 1, 4760350000000L, 1)], [(False, True, False, False)])
t3: ([(0, 1, 4536300000000L, 3)], [(False, False, False, True)])
t4: ([(0, 1, 5048600000000L, 0)], [(True, False, False, False)])
t5: ([(0, 1, 4987540000000L, 2)], [(False, False, True, False)])
t6: ([(0, 1, 4733460000000L, 0)], [(True, False, False, False)])
t7: ([(0, 1, 4787800000000L, 0)], [(True, False, False, False)])
t8: ([(0, 1, 4736840000000L, 0)], [(True, False, False, False)])
--------------------------------------------------------------------------------
0: 104.0 ['t4', 't6', 't7', 't8']
1: 103.0 ['t2']
2: 99.0 ['t5']
3: 103.0 ['t1', 't3']
--------------------------------------------------------------------------------
t1: ([(0, 1, 4981790000000L, 3)], [(False, False, False, True)])
t2: ([(0, 1, 4761380000000L, 1)], [(False, True, False, False)])
t3: ([(0, 1, 4536710000000L, 3)], [(False, False, False, True)])
t4: ([(0, 1, 5048850000000L, 0)], [(True, False, False, False)])
t5: ([(0, 1, 4988520000000L, 2)], [(False, False, True, False)])
t6: ([(0, 1, 4733720000000L, 0)], [(True, False, False, False)])
t7: ([(0, 1, 4788060000000L, 0)], [(True, False, False, False)])
t8: ([(0, 1, 4737090000000L, 0)], [(True, False, False, False)])
--------------------------------------------------------------------------------
0: 102.0 ['t4', 't6', 't7', 't8']
1: 103.0 ['t2']
2: 98.0 ['t5']
3: 103.0 ['t1', 't3']
--------------------------------------------------------------------------------
t1: ([(0, 1, 4982740000000L, 1)], [(False, True, False, False)])
t2: ([(0, 1, 4762400000000L, 3)], [(False, False, False, True)])
t3: ([(0, 1, 4536920000000L, 0)], [(True, False, False, False)])
t4: ([(0, 1, 5049070000000L, 0)], [(True, False, False, False)])
t5: ([(0, 1, 4989500000000L, 2)], [(False, False, True, False)])
t6: ([(0, 1, 4733960000000L, 0)], [(True, False, False, False)])
t7: ([(0, 1, 4788290000000L, 0)], [(True, False, False, False)])
t8: ([(0, 1, 4737310000000L, 0)], [(True, False, False, False)])
--------------------------------------------------------------------------------
0: 112.0 ['t3', 't4', 't6', 't7', 't8']
1: 95.0 ['t1']
2: 98.0 ['t5']
3: 102.0 ['t2']
--------------------------------------------------------------------------------
t1: ([(0, 1, 4983750000000L, 1)], [(False, True, False, False)])
t2: ([(0, 1, 4763410000000L, 3)], [(False, False, False, True)])
t3: ([(0, 1, 4537070000000L, 0)], [(True, False, False, False)])
t4: ([(0, 1, 5049300000000L, 0)], [(True, False, False, False)])
t5: ([(0, 1, 4990480000000L, 2)], [(False, False, True, False)])
t6: ([(0, 1, 4734180000000L, 0)], [(True, False, False, False)])
t7: ([(0, 1, 4788500000000L, 0)], [(True, False, False, False)])
t8: ([(0, 1, 4737520000000L, 0)], [(True, False, False, False)])
--------------------------------------------------------------------------------
0: 102.0 ['t3', 't4', 't6', 't7', 't8']
1: 101.0 ['t1']
2: 98.0 ['t5']
3: 101.0 ['t2']
--------------------------------------------------------------------------------
t1: ([(0, 1, 4984780000000L, 1)], [(False, True, False, False)])
t2: ([(0, 1, 4764440000000L, 3)], [(False, False, False, True)])
t3: ([(0, 1, 4537220000000L, 0)], [(True, False, False, False)])
t4: ([(0, 1, 5049510000000L, 0)], [(True, False, False, False)])
t5: ([(0, 1, 4991480000000L, 2)], [(False, False, True, False)])
t6: ([(0, 1, 4734400000000L, 0)], [(True, False, False, False)])
t7: ([(0, 1, 4788730000000L, 0)], [(True, False, False, False)])
t8: ([(0, 1, 4737740000000L, 0)], [(True, False, False, False)])
--------------------------------------------------------------------------------
0: 103.0 ['t3', 't4', 't6', 't7', 't8']
1: 103.0 ['t1']
2: 100.0 ['t5']
3: 103.0 ['t2']
--------------------------------------------------------------------------------
^CTraceback (most recent call last):
  File "monitor.py", line 72, in <module>
    s.run()
  File "/usr/lib/python2.7/sched.py", line 111, in run
    delayfunc(time - now)
KeyboardInterrupt
]0;root@ubuntu: ~/prj1/test/cpuroot@ubuntu:~/prj1/test/cpu# exit
exit

Script done on Thu 14 Sep 2017 05:13:12 PM PDT
