Script started on Thu 14 Sep 2017 05:09:39 PM PDT
]0;root@ubuntu: ~/prj1/test/cpuroot@ubuntu:~/prj1/test/cpu# python monitor.py
t1: ([(0, 1, 4945140000000L, 1)], [(False, True, False, False)])
t2: ([(0, 1, 4724260000000L, 2)], [(False, False, True, False)])
t3: ([(0, 1, 4422720000000L, 0)], [(True, False, False, False)])
t4: ([(0, 1, 5014660000000L, 0)], [(True, False, False, False)])
t5: ([(0, 1, 4940570000000L, 3)], [(False, False, False, True)])
t6: ([(0, 1, 4700030000000L, 0)], [(True, False, False, False)])
t7: ([(0, 1, 4671240000000L, 0)], [(True, False, False, False)])
t8: ([(0, 1, 4622180000000L, 0)], [(True, False, False, False)])
--------------------------------------------------------------------------------
0: 0.0 []
1: 0.0 []
2: 0.0 []
3: 0.0 []
--------------------------------------------------------------------------------
t1: ([(0, 1, 4945220000000L, 0)], [(True, False, False, False)])
t2: ([(0, 1, 4724300000000L, 0)], [(True, False, False, False)])
t3: ([(0, 1, 4422760000000L, 0)], [(True, False, False, False)])
t4: ([(0, 1, 5014750000000L, 0)], [(True, False, False, False)])
t5: ([(0, 1, 4940720000000L, 0)], [(True, False, False, False)])
t6: ([(0, 1, 4700090000000L, 0)], [(True, False, False, False)])
t7: ([(0, 1, 4671300000000L, 0)], [(True, False, False, False)])
t8: ([(0, 1, 4622230000000L, 0)], [(True, False, False, False)])
--------------------------------------------------------------------------------
0: 57.0 ['t1', 't2', 't3', 't4', 't5', 't6', 't7', 't8']
1: 0.0 []
2: 0.0 []
3: 0.0 []
--------------------------------------------------------------------------------
t1: ([(0, 1, 4945250000000L, 0)], [(True, False, False, False)])
t2: ([(0, 1, 4724320000000L, 0)], [(True, False, False, False)])
t3: ([(0, 1, 4422790000000L, 0)], [(True, False, False, False)])
t4: ([(0, 1, 5014780000000L, 0)], [(True, False, False, False)])
t5: ([(0, 1, 4940740000000L, 0)], [(True, False, False, False)])
t6: ([(0, 1, 4700120000000L, 0)], [(True, False, False, False)])
t7: ([(0, 1, 4671320000000L, 0)], [(True, False, False, False)])
t8: ([(0, 1, 4622260000000L, 0)], [(True, False, False, False)])
--------------------------------------------------------------------------------
0: 21.0 ['t1', 't2', 't3', 't4', 't5', 't6', 't7', 't8']
1: 0.0 []
2: 0.0 []
3: 0.0 []
--------------------------------------------------------------------------------
t1: ([(0, 1, 4945280000000L, 0)], [(True, False, False, False)])
t2: ([(0, 1, 4724370000000L, 0)], [(True, False, False, False)])
t3: ([(0, 1, 4422820000000L, 0)], [(True, False, False, False)])
t4: ([(0, 1, 5014810000000L, 0)], [(True, False, False, False)])
t5: ([(0, 1, 4940790000000L, 0)], [(True, False, False, False)])
t6: ([(0, 1, 4700150000000L, 0)], [(True, False, False, False)])
t7: ([(0, 1, 4671360000000L, 0)], [(True, False, False, False)])
t8: ([(0, 1, 4622290000000L, 0)], [(True, False, False, False)])
--------------------------------------------------------------------------------
0: 29.0 ['t1', 't2', 't3', 't4', 't5', 't6', 't7', 't8']
1: 0.0 []
2: 0.0 []
3: 0.0 []
--------------------------------------------------------------------------------
t1: ([(0, 1, 4945330000000L, 0)], [(True, False, False, False)])
t2: ([(0, 1, 4724410000000L, 0)], [(True, False, False, False)])
t3: ([(0, 1, 4422880000000L, 0)], [(True, False, False, False)])
t4: ([(0, 1, 5014840000000L, 0)], [(True, False, False, False)])
t5: ([(0, 1, 4940820000000L, 0)], [(True, False, False, False)])
t6: ([(0, 1, 4700210000000L, 0)], [(True, False, False, False)])
t7: ([(0, 1, 4671410000000L, 0)], [(True, False, False, False)])
t8: ([(0, 1, 4622350000000L, 0)], [(True, False, False, False)])
--------------------------------------------------------------------------------
0: 38.0 ['t1', 't2', 't3', 't4', 't5', 't6', 't7', 't8']
1: 0.0 []
2: 0.0 []
3: 0.0 []
--------------------------------------------------------------------------------
t1: ([(0, 1, 4945430000000L, 0)], [(True, False, False, False)])
t2: ([(0, 1, 4724540000000L, 0)], [(True, False, False, False)])
t3: ([(0, 1, 4423030000000L, 0)], [(True, False, False, False)])
t4: ([(0, 1, 5014910000000L, 0)], [(True, False, False, False)])
t5: ([(0, 1, 4940940000000L, 0)], [(True, False, False, False)])
t6: ([(0, 1, 4700360000000L, 0)], [(True, False, False, False)])
t7: ([(0, 1, 4671550000000L, 0)], [(True, False, False, False)])
t8: ([(0, 1, 4622500000000L, 0)], [(True, False, False, False)])
--------------------------------------------------------------------------------
0: 101.0 ['t1', 't2', 't3', 't4', 't5', 't6', 't7', 't8']
1: 0.0 []
2: 0.0 []
3: 0.0 []
--------------------------------------------------------------------------------
t1: ([(0, 1, 4945540000000L, 0)], [(True, False, False, False)])
t2: ([(0, 1, 4724680000000L, 0)], [(True, False, False, False)])
t3: ([(0, 1, 4423210000000L, 2)], [(False, False, True, False)])
t4: ([(0, 1, 5014990000000L, 0)], [(True, False, False, False)])
t5: ([(0, 1, 4941080000000L, 0)], [(True, False, False, False)])
t6: ([(0, 1, 4700510000000L, 0)], [(True, False, False, False)])
t7: ([(0, 1, 4671720000000L, 1)], [(False, True, False, False)])
t8: ([(0, 1, 4622680000000L, 3)], [(False, False, False, True)])
--------------------------------------------------------------------------------
0: 62.0 ['t1', 't2', 't4', 't5', 't6']
1: 17.0 ['t7']
2: 18.0 ['t3']
3: 18.0 ['t8']
--------------------------------------------------------------------------------
t1: ([(0, 1, 4945720000000L, 0)], [(True, False, False, False)])
t2: ([(0, 1, 4724910000000L, 0)], [(True, False, False, False)])
t3: ([(0, 1, 4424130000000L, 2)], [(False, False, True, False)])
t4: ([(0, 1, 5015120000000L, 0)], [(True, False, False, False)])
t5: ([(0, 1, 4941290000000L, 0)], [(True, False, False, False)])
t6: ([(0, 1, 4700770000000L, 0)], [(True, False, False, False)])
t7: ([(0, 1, 4672670000000L, 1)], [(False, True, False, False)])
t8: ([(0, 1, 4623620000000L, 3)], [(False, False, False, True)])
--------------------------------------------------------------------------------
0: 101.0 ['t1', 't2', 't4', 't5', 't6']
1: 95.0 ['t7']
2: 92.0 ['t3']
3: 94.0 ['t8']
--------------------------------------------------------------------------------
t1: ([(0, 1, 4945890000000L, 0)], [(True, False, False, False)])
t2: ([(0, 1, 4725140000000L, 0)], [(True, False, False, False)])
t3: ([(0, 1, 4425110000000L, 2)], [(False, False, True, False)])
t4: ([(0, 1, 5015250000000L, 0)], [(True, False, False, False)])
t5: ([(0, 1, 4941500000000L, 0)], [(True, False, False, False)])
t6: ([(0, 1, 4701020000000L, 0)], [(True, False, False, False)])
t7: ([(0, 1, 4673670000000L, 1)], [(False, True, False, False)])
t8: ([(0, 1, 4624610000000L, 3)], [(False, False, False, True)])
--------------------------------------------------------------------------------
0: 99.0 ['t1', 't2', 't4', 't5', 't6']
1: 100.0 ['t7']
2: 98.0 ['t3']
3: 99.0 ['t8']
--------------------------------------------------------------------------------
t1: ([(0, 1, 4946050000000L, 0)], [(True, False, False, False)])
t2: ([(0, 1, 4725360000000L, 0)], [(True, False, False, False)])
t3: ([(0, 1, 4426070000000L, 1)], [(False, True, False, False)])
t4: ([(0, 1, 5015450000000L, 0)], [(True, False, False, False)])
t5: ([(0, 1, 4941700000000L, 0)], [(True, False, False, False)])
t6: ([(0, 1, 4701250000000L, 0)], [(True, False, False, False)])
t7: ([(0, 1, 4674660000000L, 3)], [(False, False, False, True)])
t8: ([(0, 1, 4625600000000L, 2)], [(False, False, True, False)])
--------------------------------------------------------------------------------
0: 101.0 ['t1', 't2', 't4', 't5', 't6']
1: 96.0 ['t3']
2: 99.0 ['t8']
3: 99.0 ['t7']
--------------------------------------------------------------------------------
t1: ([(0, 1, 4946220000000L, 0)], [(True, False, False, False)])
t2: ([(0, 1, 4725560000000L, 0)], [(True, False, False, False)])
t3: ([(0, 1, 4427070000000L, 1)], [(False, True, False, False)])
t4: ([(0, 1, 5015680000000L, 0)], [(True, False, False, False)])
t5: ([(0, 1, 4941890000000L, 0)], [(True, False, False, False)])
t6: ([(0, 1, 4701490000000L, 0)], [(True, False, False, False)])
t7: ([(0, 1, 4675650000000L, 3)], [(False, False, False, True)])
t8: ([(0, 1, 4626580000000L, 2)], [(False, False, True, False)])
--------------------------------------------------------------------------------
0: 103.0 ['t1', 't2', 't4', 't5', 't6']
1: 100.0 ['t3']
2: 98.0 ['t8']
3: 99.0 ['t7']
--------------------------------------------------------------------------------
t1: ([(0, 1, 4946370000000L, 0)], [(True, False, False, False)])
t2: ([(0, 1, 4725780000000L, 0)], [(True, False, False, False)])
t3: ([(0, 1, 4428080000000L, 1)], [(False, True, False, False)])
t4: ([(0, 1, 5015900000000L, 0)], [(True, False, False, False)])
t5: ([(0, 1, 4942090000000L, 0)], [(True, False, False, False)])
t6: ([(0, 1, 4701720000000L, 0)], [(True, False, False, False)])
t7: ([(0, 1, 4676670000000L, 3)], [(False, False, False, True)])
t8: ([(0, 1, 4627560000000L, 2)], [(False, False, True, False)])
--------------------------------------------------------------------------------
0: 102.0 ['t1', 't2', 't4', 't5', 't6']
1: 101.0 ['t3']
2: 98.0 ['t8']
3: 102.0 ['t7']
--------------------------------------------------------------------------------
t1: ([(0, 1, 4946530000000L, 0)], [(True, False, False, False)])
t2: ([(0, 1, 4725990000000L, 0)], [(True, False, False, False)])
t3: ([(0, 1, 4429080000000L, 3)], [(False, False, False, True)])
t4: ([(0, 1, 5016140000000L, 0)], [(True, False, False, False)])
t5: ([(0, 1, 4942280000000L, 0)], [(True, False, False, False)])
t6: ([(0, 1, 4701950000000L, 0)], [(True, False, False, False)])
t7: ([(0, 1, 4677670000000L, 2)], [(False, False, True, False)])
t8: ([(0, 1, 4628570000000L, 1)], [(False, True, False, False)])
--------------------------------------------------------------------------------
0: 103.0 ['t1', 't2', 't4', 't5', 't6']
1: 101.0 ['t8']
2: 100.0 ['t7']
3: 100.0 ['t3']
--------------------------------------------------------------------------------
t1: ([(0, 1, 4946700000000L, 0)], [(True, False, False, False)])
t2: ([(0, 1, 4726200000000L, 0)], [(True, False, False, False)])
t3: ([(0, 1, 4430090000000L, 3)], [(False, False, False, True)])
t4: ([(0, 1, 5016370000000L, 0)], [(True, False, False, False)])
t5: ([(0, 1, 4942490000000L, 0)], [(True, False, False, False)])
t6: ([(0, 1, 4702190000000L, 0)], [(True, False, False, False)])
t7: ([(0, 1, 4678680000000L, 2)], [(False, False, True, False)])
t8: ([(0, 1, 4629580000000L, 1)], [(False, True, False, False)])
--------------------------------------------------------------------------------
0: 106.0 ['t1', 't2', 't4', 't5', 't6']
1: 101.0 ['t8']
2: 101.0 ['t7']
3: 101.0 ['t3']
--------------------------------------------------------------------------------
t1: ([(0, 1, 4946860000000L, 0)], [(True, False, False, False)])
t2: ([(0, 1, 4726410000000L, 0)], [(True, False, False, False)])
t3: ([(0, 1, 4431090000000L, 3)], [(False, False, False, True)])
t4: ([(0, 1, 5016610000000L, 0)], [(True, False, False, False)])
t5: ([(0, 1, 4942690000000L, 0)], [(True, False, False, False)])
t6: ([(0, 1, 4702420000000L, 0)], [(True, False, False, False)])
t7: ([(0, 1, 4679680000000L, 2)], [(False, False, True, False)])
t8: ([(0, 1, 4630600000000L, 1)], [(False, True, False, False)])
--------------------------------------------------------------------------------
0: 104.0 ['t1', 't2', 't4', 't5', 't6']
1: 102.0 ['t8']
2: 100.0 ['t7']
3: 100.0 ['t3']
--------------------------------------------------------------------------------
t1: ([(0, 1, 4947020000000L, 0)], [(True, False, False, False)])
t2: ([(0, 1, 4726620000000L, 0)], [(True, False, False, False)])
t3: ([(0, 1, 4432070000000L, 1)], [(False, True, False, False)])
t4: ([(0, 1, 5016830000000L, 0)], [(True, False, False, False)])
t5: ([(0, 1, 4942890000000L, 0)], [(True, False, False, False)])
t6: ([(0, 1, 4702650000000L, 0)], [(True, False, False, False)])
t7: ([(0, 1, 4680680000000L, 2)], [(False, False, True, False)])
t8: ([(0, 1, 4631600000000L, 3)], [(False, False, False, True)])
--------------------------------------------------------------------------------
0: 102.0 ['t1', 't2', 't4', 't5', 't6']
1: 98.0 ['t3']
2: 100.0 ['t7']
3: 100.0 ['t8']
--------------------------------------------------------------------------------
t1: ([(0, 1, 4947170000000L, 0)], [(True, False, False, False)])
t2: ([(0, 1, 4726840000000L, 0)], [(True, False, False, False)])
t3: ([(0, 1, 4433090000000L, 1)], [(False, True, False, False)])
t4: ([(0, 1, 5017070000000L, 0)], [(True, False, False, False)])
t5: ([(0, 1, 4943080000000L, 0)], [(True, False, False, False)])
t6: ([(0, 1, 4702880000000L, 0)], [(True, False, False, False)])
t7: ([(0, 1, 4681660000000L, 2)], [(False, False, True, False)])
t8: ([(0, 1, 4632580000000L, 3)], [(False, False, False, True)])
--------------------------------------------------------------------------------
0: 103.0 ['t1', 't2', 't4', 't5', 't6']
1: 102.0 ['t3']
2: 98.0 ['t7']
3: 98.0 ['t8']
--------------------------------------------------------------------------------
t1: ([(0, 1, 4947340000000L, 0)], [(True, False, False, False)])
t2: ([(0, 1, 4727030000000L, 0)], [(True, False, False, False)])
t3: ([(0, 1, 4434090000000L, 1)], [(False, True, False, False)])
t4: ([(0, 1, 5017310000000L, 0)], [(True, False, False, False)])
t5: ([(0, 1, 4943300000000L, 0)], [(True, False, False, False)])
t6: ([(0, 1, 4703090000000L, 0)], [(True, False, False, False)])
t7: ([(0, 1, 4682660000000L, 2)], [(False, False, True, False)])
t8: ([(0, 1, 4633570000000L, 3)], [(False, False, False, True)])
--------------------------------------------------------------------------------
0: 103.0 ['t1', 't2', 't4', 't5', 't6']
1: 100.0 ['t3']
2: 100.0 ['t7']
3: 99.0 ['t8']
--------------------------------------------------------------------------------
t1: ([(0, 1, 4947500000000L, 0)], [(True, False, False, False)])
t2: ([(0, 1, 4727240000000L, 0)], [(True, False, False, False)])
t3: ([(0, 1, 4435100000000L, 3)], [(False, False, False, True)])
t4: ([(0, 1, 5017540000000L, 0)], [(True, False, False, False)])
t5: ([(0, 1, 4943480000000L, 0)], [(True, False, False, False)])
t6: ([(0, 1, 4703310000000L, 0)], [(True, False, False, False)])
t7: ([(0, 1, 4683670000000L, 2)], [(False, False, True, False)])
t8: ([(0, 1, 4634540000000L, 1)], [(False, True, False, False)])
--------------------------------------------------------------------------------
0: 100.0 ['t1', 't2', 't4', 't5', 't6']
1: 97.0 ['t8']
2: 101.0 ['t7']
3: 101.0 ['t3']
--------------------------------------------------------------------------------
t1: ([(0, 1, 4947660000000L, 0)], [(True, False, False, False)])
t2: ([(0, 1, 4727450000000L, 0)], [(True, False, False, False)])
t3: ([(0, 1, 4436080000000L, 3)], [(False, False, False, True)])
t4: ([(0, 1, 5017770000000L, 0)], [(True, False, False, False)])
t5: ([(0, 1, 4943680000000L, 0)], [(True, False, False, False)])
t6: ([(0, 1, 4703550000000L, 0)], [(True, False, False, False)])
t7: ([(0, 1, 4684660000000L, 2)], [(False, False, True, False)])
t8: ([(0, 1, 4635540000000L, 1)], [(False, True, False, False)])
--------------------------------------------------------------------------------
0: 104.0 ['t1', 't2', 't4', 't5', 't6']
1: 100.0 ['t8']
2: 99.0 ['t7']
3: 98.0 ['t3']
--------------------------------------------------------------------------------
t1: ([(0, 1, 4947830000000L, 0)], [(True, False, False, False)])
t2: ([(0, 1, 4727660000000L, 0)], [(True, False, False, False)])
t3: ([(0, 1, 4437060000000L, 3)], [(False, False, False, True)])
t4: ([(0, 1, 5018010000000L, 0)], [(True, False, False, False)])
t5: ([(0, 1, 4943870000000L, 0)], [(True, False, False, False)])
t6: ([(0, 1, 4703780000000L, 0)], [(True, False, False, False)])
t7: ([(0, 1, 4685660000000L, 2)], [(False, False, True, False)])
t8: ([(0, 1, 4636550000000L, 1)], [(False, True, False, False)])
--------------------------------------------------------------------------------
0: 104.0 ['t1', 't2', 't4', 't5', 't6']
1: 101.0 ['t8']
2: 100.0 ['t7']
3: 98.0 ['t3']
--------------------------------------------------------------------------------
t1: ([(0, 1, 4947970000000L, 0)], [(True, False, False, False)])
t2: ([(0, 1, 4727870000000L, 0)], [(True, False, False, False)])
t3: ([(0, 1, 4438030000000L, 1)], [(False, True, False, False)])
t4: ([(0, 1, 5018230000000L, 0)], [(True, False, False, False)])
t5: ([(0, 1, 4944070000000L, 0)], [(True, False, False, False)])
t6: ([(0, 1, 4704010000000L, 0)], [(True, False, False, False)])
t7: ([(0, 1, 4686650000000L, 2)], [(False, False, True, False)])
t8: ([(0, 1, 4637550000000L, 3)], [(False, False, False, True)])
--------------------------------------------------------------------------------
0: 100.0 ['t1', 't2', 't4', 't5', 't6']
1: 97.0 ['t3']
2: 99.0 ['t7']
3: 100.0 ['t8']
--------------------------------------------------------------------------------
t1: ([(0, 1, 4948140000000L, 0)], [(True, False, False, False)])
t2: ([(0, 1, 4728080000000L, 0)], [(True, False, False, False)])
t3: ([(0, 1, 4439060000000L, 1)], [(False, True, False, False)])
t4: ([(0, 1, 5018470000000L, 0)], [(True, False, False, False)])
t5: ([(0, 1, 4944270000000L, 0)], [(True, False, False, False)])
t6: ([(0, 1, 4704240000000L, 0)], [(True, False, False, False)])
t7: ([(0, 1, 4687670000000L, 2)], [(False, False, True, False)])
t8: ([(0, 1, 4638520000000L, 3)], [(False, False, False, True)])
--------------------------------------------------------------------------------
0: 105.0 ['t1', 't2', 't4', 't5', 't6']
1: 103.0 ['t3']
2: 102.0 ['t7']
3: 97.0 ['t8']
--------------------------------------------------------------------------------
t1: ([(0, 1, 4948300000000L, 0)], [(True, False, False, False)])
t2: ([(0, 1, 4728280000000L, 0)], [(True, False, False, False)])
t3: ([(0, 1, 4440080000000L, 1)], [(False, True, False, False)])
t4: ([(0, 1, 5018700000000L, 0)], [(True, False, False, False)])
t5: ([(0, 1, 4944470000000L, 0)], [(True, False, False, False)])
t6: ([(0, 1, 4704480000000L, 0)], [(True, False, False, False)])
t7: ([(0, 1, 4688670000000L, 2)], [(False, False, True, False)])
t8: ([(0, 1, 4639510000000L, 3)], [(False, False, False, True)])
--------------------------------------------------------------------------------
0: 103.0 ['t1', 't2', 't4', 't5', 't6']
1: 102.0 ['t3']
2: 100.0 ['t7']
3: 99.0 ['t8']
--------------------------------------------------------------------------------
t1: ([(0, 1, 4948460000000L, 0)], [(True, False, False, False)])
t2: ([(0, 1, 4728490000000L, 0)], [(True, False, False, False)])
t3: ([(0, 1, 4441070000000L, 3)], [(False, False, False, True)])
t4: ([(0, 1, 5018920000000L, 0)], [(True, False, False, False)])
t5: ([(0, 1, 4944660000000L, 0)], [(True, False, False, False)])
t6: ([(0, 1, 4704700000000L, 0)], [(True, False, False, False)])
t7: ([(0, 1, 4689630000000L, 2)], [(False, False, True, False)])
t8: ([(0, 1, 4640440000000L, 1)], [(False, True, False, False)])
--------------------------------------------------------------------------------
0: 100.0 ['t1', 't2', 't4', 't5', 't6']
1: 93.0 ['t8']
2: 96.0 ['t7']
3: 99.0 ['t3']
--------------------------------------------------------------------------------
t1: ([(0, 1, 4948620000000L, 0)], [(True, False, False, False)])
t2: ([(0, 1, 4728710000000L, 0)], [(True, False, False, False)])
t3: ([(0, 1, 4442060000000L, 3)], [(False, False, False, True)])
t4: ([(0, 1, 5019170000000L, 0)], [(True, False, False, False)])
t5: ([(0, 1, 4944850000000L, 0)], [(True, False, False, False)])
t6: ([(0, 1, 4704930000000L, 0)], [(True, False, False, False)])
t7: ([(0, 1, 4690630000000L, 2)], [(False, False, True, False)])
t8: ([(0, 1, 4641450000000L, 1)], [(False, True, False, False)])
--------------------------------------------------------------------------------
0: 105.0 ['t1', 't2', 't4', 't5', 't6']
1: 101.0 ['t8']
2: 100.0 ['t7']
3: 99.0 ['t3']
--------------------------------------------------------------------------------
t1: ([(0, 1, 4948770000000L, 0)], [(True, False, False, False)])
t2: ([(0, 1, 4728920000000L, 0)], [(True, False, False, False)])
t3: ([(0, 1, 4443040000000L, 3)], [(False, False, False, True)])
t4: ([(0, 1, 5019390000000L, 0)], [(True, False, False, False)])
t5: ([(0, 1, 4945050000000L, 0)], [(True, False, False, False)])
t6: ([(0, 1, 4705160000000L, 0)], [(True, False, False, False)])
t7: ([(0, 1, 4691640000000L, 2)], [(False, False, True, False)])
t8: ([(0, 1, 4642470000000L, 1)], [(False, True, False, False)])
--------------------------------------------------------------------------------
0: 101.0 ['t1', 't2', 't4', 't5', 't6']
1: 102.0 ['t8']
2: 101.0 ['t7']
3: 98.0 ['t3']
--------------------------------------------------------------------------------
t1: ([(0, 1, 4948930000000L, 0)], [(True, False, False, False)])
t2: ([(0, 1, 4729120000000L, 0)], [(True, False, False, False)])
t3: ([(0, 1, 4444010000000L, 1)], [(False, True, False, False)])
t4: ([(0, 1, 5019620000000L, 0)], [(True, False, False, False)])
t5: ([(0, 1, 4945240000000L, 0)], [(True, False, False, False)])
t6: ([(0, 1, 4705380000000L, 0)], [(True, False, False, False)])
t7: ([(0, 1, 4692630000000L, 2)], [(False, False, True, False)])
t8: ([(0, 1, 4643450000000L, 3)], [(False, False, False, True)])
--------------------------------------------------------------------------------
0: 100.0 ['t1', 't2', 't4', 't5', 't6']
1: 97.0 ['t3']
2: 99.0 ['t7']
3: 98.0 ['t8']
--------------------------------------------------------------------------------
t1: ([(0, 1, 4949100000000L, 0)], [(True, False, False, False)])
t2: ([(0, 1, 4729330000000L, 0)], [(True, False, False, False)])
t3: ([(0, 1, 4445020000000L, 1)], [(False, True, False, False)])
t4: ([(0, 1, 5019850000000L, 0)], [(True, False, False, False)])
t5: ([(0, 1, 4945440000000L, 0)], [(True, False, False, False)])
t6: ([(0, 1, 4705610000000L, 0)], [(True, False, False, False)])
t7: ([(0, 1, 4693630000000L, 2)], [(False, False, True, False)])
t8: ([(0, 1, 4644430000000L, 3)], [(False, False, False, True)])
--------------------------------------------------------------------------------
0: 104.0 ['t1', 't2', 't4', 't5', 't6']
1: 101.0 ['t3']
2: 100.0 ['t7']
3: 98.0 ['t8']
--------------------------------------------------------------------------------
t1: ([(0, 1, 4949240000000L, 0)], [(True, False, False, False)])
t2: ([(0, 1, 4729540000000L, 0)], [(True, False, False, False)])
t3: ([(0, 1, 4446020000000L, 1)], [(False, True, False, False)])
t4: ([(0, 1, 5020070000000L, 0)], [(True, False, False, False)])
t5: ([(0, 1, 4945630000000L, 0)], [(True, False, False, False)])
t6: ([(0, 1, 4705840000000L, 0)], [(True, False, False, False)])
t7: ([(0, 1, 4694620000000L, 2)], [(False, False, True, False)])
t8: ([(0, 1, 4645410000000L, 3)], [(False, False, False, True)])
--------------------------------------------------------------------------------
0: 99.0 ['t1', 't2', 't4', 't5', 't6']
1: 100.0 ['t3']
2: 99.0 ['t7']
3: 98.0 ['t8']
--------------------------------------------------------------------------------
t1: ([(0, 1, 4949410000000L, 0)], [(True, False, False, False)])
t2: ([(0, 1, 4729750000000L, 0)], [(True, False, False, False)])
t3: ([(0, 1, 4447010000000L, 3)], [(False, False, False, True)])
t4: ([(0, 1, 5020310000000L, 0)], [(True, False, False, False)])
t5: ([(0, 1, 4945820000000L, 0)], [(True, False, False, False)])
t6: ([(0, 1, 4706070000000L, 0)], [(True, False, False, False)])
t7: ([(0, 1, 4695620000000L, 2)], [(False, False, True, False)])
t8: ([(0, 1, 4646400000000L, 1)], [(False, True, False, False)])
--------------------------------------------------------------------------------
0: 104.0 ['t1', 't2', 't4', 't5', 't6']
1: 99.0 ['t8']
2: 100.0 ['t7']
3: 99.0 ['t3']
--------------------------------------------------------------------------------
t1: ([(0, 1, 4949560000000L, 0)], [(True, False, False, False)])
t2: ([(0, 1, 4729960000000L, 0)], [(True, False, False, False)])
t3: ([(0, 1, 4447990000000L, 3)], [(False, False, False, True)])
t4: ([(0, 1, 5020540000000L, 0)], [(True, False, False, False)])
t5: ([(0, 1, 4946030000000L, 0)], [(True, False, False, False)])
t6: ([(0, 1, 4706320000000L, 0)], [(True, False, False, False)])
t7: ([(0, 1, 4696650000000L, 2)], [(False, False, True, False)])
t8: ([(0, 1, 4647420000000L, 1)], [(False, True, False, False)])
--------------------------------------------------------------------------------
0: 105.0 ['t1', 't2', 't4', 't5', 't6']
1: 102.0 ['t8']
2: 103.0 ['t7']
3: 98.0 ['t3']
--------------------------------------------------------------------------------
t1: ([(0, 1, 4949720000000L, 0)], [(True, False, False, False)])
t2: ([(0, 1, 4730170000000L, 0)], [(True, False, False, False)])
t3: ([(0, 1, 4448980000000L, 3)], [(False, False, False, True)])
t4: ([(0, 1, 5020770000000L, 0)], [(True, False, False, False)])
t5: ([(0, 1, 4946220000000L, 0)], [(True, False, False, False)])
t6: ([(0, 1, 4706540000000L, 0)], [(True, False, False, False)])
t7: ([(0, 1, 4697650000000L, 2)], [(False, False, True, False)])
t8: ([(0, 1, 4648440000000L, 1)], [(False, True, False, False)])
--------------------------------------------------------------------------------
0: 101.0 ['t1', 't2', 't4', 't5', 't6']
1: 102.0 ['t8']
2: 100.0 ['t7']
3: 99.0 ['t3']
--------------------------------------------------------------------------------
^CTraceback (most recent call last):
  File "monitor.py", line 72, in <module>
    s.run()
  File "/usr/lib/python2.7/sched.py", line 111, in run
    delayfunc(time - now)
KeyboardInterrupt
]0;root@ubuntu: ~/prj1/test/cpuroot@ubuntu:~/prj1/test/cpu# ei[Kxit
exit

Script done on Thu 14 Sep 2017 05:11:07 PM PDT
