Script started on Thu 14 Sep 2017 06:14:42 PM PDT
]0;root@ubuntu: ~/prj1/test/cpuroot@ubuntu:~/prj1/test/cpu# python monitor.py
t1: ([(0, 1, 5855890000000L, 0)], [(True, False, False, False)])
t2: ([(0, 1, 5651140000000L, 0)], [(True, False, False, False)])
t3: ([(0, 1, 5313080000000L, 2)], [(False, False, True, False)])
t4: ([(0, 1, 5880070000000L, 2)], [(False, False, True, False)])
t5: ([(0, 1, 5878870000000L, 1)], [(True, True, True, True)])
t6: ([(0, 1, 5540380000000L, 3)], [(True, True, True, True)])
t7: ([(0, 1, 5583450000000L, 1)], [(False, True, False, False)])
t8: ([(0, 1, 5523550000000L, 3)], [(False, False, False, True)])
--------------------------------------------------------------------------------
0: 0.0 []
1: 0.0 []
2: 0.0 []
3: 0.0 []
--------------------------------------------------------------------------------
t1: ([(0, 1, 5855950000000L, 0)], [(True, True, True, True)])
t2: ([(0, 1, 5651230000000L, 0)], [(True, True, True, True)])
t3: ([(0, 1, 5313180000000L, 2)], [(True, True, True, True)])
t4: ([(0, 1, 5880150000000L, 0)], [(True, True, True, True)])
t5: ([(0, 1, 5878930000000L, 1)], [(True, True, True, True)])
t6: ([(0, 1, 5540440000000L, 0)], [(True, True, True, True)])
t7: ([(0, 1, 5583560000000L, 1)], [(True, True, True, True)])
t8: ([(0, 1, 5523650000000L, 3)], [(True, True, True, True)])
--------------------------------------------------------------------------------
0: 29.0 ['t1', 't2', 't4', 't6']
1: 17.0 ['t5', 't7']
2: 10.0 ['t3']
3: 10.0 ['t8']
--------------------------------------------------------------------------------
t1: ([(0, 1, 5855990000000L, 3)], [(True, True, True, True)])
t2: ([(0, 1, 5651260000000L, 0)], [(True, True, True, True)])
t3: ([(0, 1, 5313210000000L, 3)], [(True, True, True, True)])
t4: ([(0, 1, 5880190000000L, 0)], [(True, True, True, True)])
t5: ([(0, 1, 5878960000000L, 0)], [(True, True, True, True)])
t6: ([(0, 1, 5540470000000L, 0)], [(True, True, True, True)])
t7: ([(0, 1, 5583600000000L, 3)], [(True, True, True, True)])
t8: ([(0, 1, 5523700000000L, 1)], [(True, True, True, True)])
--------------------------------------------------------------------------------
0: 13.0 ['t2', 't4', 't5', 't6']
1: 5.0 ['t8']
2: 0.0 []
3: 11.0 ['t1', 't3', 't7']
--------------------------------------------------------------------------------
t1: ([(0, 1, 5856020000000L, 3)], [(True, True, True, True)])
t2: ([(0, 1, 5651290000000L, 0)], [(True, True, True, True)])
t3: ([(0, 1, 5313240000000L, 0)], [(True, True, True, True)])
t4: ([(0, 1, 5880230000000L, 0)], [(True, True, True, True)])
t5: ([(0, 1, 5879000000000L, 0)], [(True, True, True, True)])
t6: ([(0, 1, 5540500000000L, 0)], [(True, True, True, True)])
t7: ([(0, 1, 5583610000000L, 3)], [(True, True, True, True)])
t8: ([(0, 1, 5523730000000L, 0)], [(True, True, True, True)])
--------------------------------------------------------------------------------
0: 20.0 ['t2', 't3', 't4', 't5', 't6', 't8']
1: 0.0 []
2: 0.0 []
3: 4.0 ['t1', 't7']
--------------------------------------------------------------------------------
t1: ([(0, 1, 5856110000000L, 1)], [(True, True, True, True)])
t2: ([(0, 1, 5651400000000L, 3)], [(True, True, True, True)])
t3: ([(0, 1, 5313330000000L, 0)], [(True, True, True, True)])
t4: ([(0, 1, 5880340000000L, 2)], [(True, True, True, True)])
t5: ([(0, 1, 5879090000000L, 0)], [(True, True, True, True)])
t6: ([(0, 1, 5540570000000L, 2)], [(True, True, True, True)])
t7: ([(0, 1, 5583720000000L, 3)], [(True, True, True, True)])
t8: ([(0, 1, 5523820000000L, 1)], [(True, True, True, True)])
--------------------------------------------------------------------------------
0: 18.0 ['t3', 't5']
1: 18.0 ['t1', 't8']
2: 18.0 ['t4', 't6']
3: 22.0 ['t2', 't7']
--------------------------------------------------------------------------------
t1: ([(0, 1, 5856610000000L, 1)], [(True, True, True, True)])
t2: ([(0, 1, 5651910000000L, 3)], [(True, True, True, True)])
t3: ([(0, 1, 5313840000000L, 3)], [(True, True, True, True)])
t4: ([(0, 1, 5880950000000L, 0)], [(True, True, True, True)])
t5: ([(0, 1, 5879790000000L, 0)], [(True, True, True, True)])
t6: ([(0, 1, 5540890000000L, 3)], [(True, True, True, True)])
t7: ([(0, 1, 5584080000000L, 2)], [(True, True, True, True)])
t8: ([(0, 1, 5524300000000L, 1)], [(True, True, True, True)])
--------------------------------------------------------------------------------
0: 131.0 ['t4', 't5']
1: 98.0 ['t1', 't8']
2: 36.0 ['t7']
3: 134.0 ['t2', 't3', 't6']
--------------------------------------------------------------------------------
t1: ([(0, 1, 5857140000000L, 0)], [(True, True, True, True)])
t2: ([(0, 1, 5652330000000L, 3)], [(True, True, True, True)])
t3: ([(0, 1, 5314340000000L, 2)], [(True, True, True, True)])
t4: ([(0, 1, 5881380000000L, 0)], [(True, True, True, True)])
t5: ([(0, 1, 5880330000000L, 1)], [(True, True, True, True)])
t6: ([(0, 1, 5541450000000L, 3)], [(True, True, True, True)])
t7: ([(0, 1, 5584590000000L, 2)], [(True, True, True, True)])
t8: ([(0, 1, 5524850000000L, 1)], [(True, True, True, True)])
--------------------------------------------------------------------------------
0: 96.0 ['t1', 't4']
1: 109.0 ['t5', 't8']
2: 101.0 ['t3', 't7']
3: 98.0 ['t2', 't6']
--------------------------------------------------------------------------------
t1: ([(0, 1, 5857670000000L, 0)], [(True, True, True, True)])
t2: ([(0, 1, 5652700000000L, 3)], [(True, True, True, True)])
t3: ([(0, 1, 5314890000000L, 2)], [(True, True, True, True)])
t4: ([(0, 1, 5881870000000L, 0)], [(True, True, True, True)])
t5: ([(0, 1, 5880840000000L, 1)], [(True, True, True, True)])
t6: ([(0, 1, 5542110000000L, 3)], [(True, True, True, True)])
t7: ([(0, 1, 5585020000000L, 2)], [(True, True, True, True)])
t8: ([(0, 1, 5525340000000L, 1)], [(True, True, True, True)])
--------------------------------------------------------------------------------
0: 102.0 ['t1', 't4']
1: 100.0 ['t5', 't8']
2: 98.0 ['t3', 't7']
3: 103.0 ['t2', 't6']
--------------------------------------------------------------------------------
t1: ([(0, 1, 5858210000000L, 0)], [(True, True, True, True)])
t2: ([(0, 1, 5653050000000L, 3)], [(True, True, True, True)])
t3: ([(0, 1, 5315460000000L, 2)], [(True, True, True, True)])
t4: ([(0, 1, 5882370000000L, 0)], [(True, True, True, True)])
t5: ([(0, 1, 5881360000000L, 1)], [(True, True, True, True)])
t6: ([(0, 1, 5542770000000L, 3)], [(True, True, True, True)])
t7: ([(0, 1, 5585440000000L, 2)], [(True, True, True, True)])
t8: ([(0, 1, 5525830000000L, 1)], [(True, True, True, True)])
--------------------------------------------------------------------------------
0: 104.0 ['t1', 't4']
1: 101.0 ['t5', 't8']
2: 99.0 ['t3', 't7']
3: 101.0 ['t2', 't6']
--------------------------------------------------------------------------------
t1: ([(0, 1, 5858750000000L, 0)], [(True, True, True, True)])
t2: ([(0, 1, 5653420000000L, 3)], [(True, True, True, True)])
t3: ([(0, 1, 5316010000000L, 2)], [(True, True, True, True)])
t4: ([(0, 1, 5882840000000L, 0)], [(True, True, True, True)])
t5: ([(0, 1, 5881890000000L, 1)], [(True, True, True, True)])
t6: ([(0, 1, 5543430000000L, 3)], [(True, True, True, True)])
t7: ([(0, 1, 5585890000000L, 2)], [(True, True, True, True)])
t8: ([(0, 1, 5526340000000L, 1)], [(True, True, True, True)])
--------------------------------------------------------------------------------
0: 101.0 ['t1', 't4']
1: 104.0 ['t5', 't8']
2: 100.0 ['t3', 't7']
3: 103.0 ['t2', 't6']
--------------------------------------------------------------------------------
t1: ([(0, 1, 5859300000000L, 0)], [(True, True, True, True)])
t2: ([(0, 1, 5653770000000L, 3)], [(True, True, True, True)])
t3: ([(0, 1, 5316500000000L, 2)], [(True, True, True, True)])
t4: ([(0, 1, 5883330000000L, 0)], [(True, True, True, True)])
t5: ([(0, 1, 5882420000000L, 1)], [(True, True, True, True)])
t6: ([(0, 1, 5544100000000L, 3)], [(True, True, True, True)])
t7: ([(0, 1, 5586400000000L, 2)], [(True, True, True, True)])
t8: ([(0, 1, 5526830000000L, 1)], [(True, True, True, True)])
--------------------------------------------------------------------------------
0: 104.0 ['t1', 't4']
1: 102.0 ['t5', 't8']
2: 100.0 ['t3', 't7']
3: 102.0 ['t2', 't6']
--------------------------------------------------------------------------------
t1: ([(0, 1, 5859830000000L, 2)], [(False, False, True, False)])
t2: ([(0, 1, 5654220000000L, 2)], [(True, True, True, True)])
t3: ([(0, 1, 5316930000000L, 0)], [(True, False, False, False)])
t4: ([(0, 1, 5883760000000L, 0)], [(True, True, True, True)])
t5: ([(0, 1, 5882860000000L, 3)], [(True, True, True, True)])
t6: ([(0, 1, 5544690000000L, 3)], [(False, False, False, True)])
t7: ([(0, 1, 5586930000000L, 1)], [(True, True, True, True)])
t8: ([(0, 1, 5527460000000L, 1)], [(False, True, False, False)])
--------------------------------------------------------------------------------
0: 86.0 ['t3', 't4']
1: 116.0 ['t7', 't8']
2: 98.0 ['t1', 't2']
3: 103.0 ['t5', 't6']
--------------------------------------------------------------------------------
t1: ([(0, 1, 5860330000000L, 2)], [(False, False, True, False)])
t2: ([(0, 1, 5654710000000L, 0)], [(True, True, True, True)])
t3: ([(0, 1, 5317470000000L, 0)], [(True, False, False, False)])
t4: ([(0, 1, 5884180000000L, 1)], [(True, True, True, True)])
t5: ([(0, 1, 5883270000000L, 3)], [(True, True, True, True)])
t6: ([(0, 1, 5545320000000L, 3)], [(False, False, False, True)])
t7: ([(0, 1, 5587450000000L, 2)], [(True, True, True, True)])
t8: ([(0, 1, 5527990000000L, 1)], [(False, True, False, False)])
--------------------------------------------------------------------------------
0: 103.0 ['t2', 't3']
1: 95.0 ['t4', 't8']
2: 102.0 ['t1', 't7']
3: 104.0 ['t5', 't6']
--------------------------------------------------------------------------------
t1: ([(0, 1, 5860920000000L, 2)], [(False, False, True, False)])
t2: ([(0, 1, 5655110000000L, 3)], [(True, True, True, True)])
t3: ([(0, 1, 5317980000000L, 0)], [(True, False, False, False)])
t4: ([(0, 1, 5884760000000L, 1)], [(True, True, True, True)])
t5: ([(0, 1, 5883650000000L, 0)], [(True, True, True, True)])
t6: ([(0, 1, 5546100000000L, 3)], [(False, False, False, True)])
t7: ([(0, 1, 5587860000000L, 2)], [(True, True, True, True)])
t8: ([(0, 1, 5528440000000L, 1)], [(False, True, False, False)])
--------------------------------------------------------------------------------
0: 89.0 ['t3', 't5']
1: 103.0 ['t4', 't8']
2: 100.0 ['t1', 't7']
3: 118.0 ['t2', 't6']
--------------------------------------------------------------------------------
t1: ([(0, 1, 5861430000000L, 2)], [(False, False, True, False)])
t2: ([(0, 1, 5655420000000L, 3)], [(True, True, True, True)])
t3: ([(0, 1, 5318430000000L, 0)], [(True, False, False, False)])
t4: ([(0, 1, 5885390000000L, 1)], [(True, True, True, True)])
t5: ([(0, 1, 5884220000000L, 0)], [(True, True, True, True)])
t6: ([(0, 1, 5546810000000L, 3)], [(False, False, False, True)])
t7: ([(0, 1, 5588340000000L, 2)], [(True, True, True, True)])
t8: ([(0, 1, 5528830000000L, 1)], [(False, True, False, False)])
--------------------------------------------------------------------------------
0: 102.0 ['t3', 't5']
1: 102.0 ['t4', 't8']
2: 99.0 ['t1', 't7']
3: 102.0 ['t2', 't6']
--------------------------------------------------------------------------------
t1: ([(0, 1, 5861950000000L, 2)], [(False, False, True, False)])
t2: ([(0, 1, 5655690000000L, 2)], [(True, True, True, True)])
t3: ([(0, 1, 5318850000000L, 0)], [(True, False, False, False)])
t4: ([(0, 1, 5885880000000L, 1)], [(True, True, True, True)])
t5: ([(0, 1, 5884830000000L, 0)], [(True, True, True, True)])
t6: ([(0, 1, 5547500000000L, 3)], [(False, False, False, True)])
t7: ([(0, 1, 5588760000000L, 1)], [(True, True, True, True)])
t8: ([(0, 1, 5529400000000L, 1)], [(False, True, False, False)])
--------------------------------------------------------------------------------
0: 103.0 ['t3', 't5']
1: 148.0 ['t4', 't7', 't8']
2: 79.0 ['t1', 't2']
3: 69.0 ['t6']
--------------------------------------------------------------------------------
t1: ([(0, 1, 5862500000000L, 2)], [(False, False, True, False)])
t2: ([(0, 1, 5656070000000L, 2)], [(True, True, True, True)])
t3: ([(0, 1, 5319290000000L, 0)], [(True, False, False, False)])
t4: ([(0, 1, 5886180000000L, 0)], [(True, False, False, False)])
t5: ([(0, 1, 5885380000000L, 1)], [(False, True, False, False)])
t6: ([(0, 1, 5548250000000L, 3)], [(False, False, False, True)])
t7: ([(0, 1, 5589310000000L, 3)], [(True, True, True, True)])
t8: ([(0, 1, 5529780000000L, 1)], [(False, True, False, False)])
--------------------------------------------------------------------------------
0: 74.0 ['t3', 't4']
1: 93.0 ['t5', 't8']
2: 93.0 ['t1', 't2']
3: 130.0 ['t6', 't7']
--------------------------------------------------------------------------------
t1: ([(0, 1, 5863070000000L, 2)], [(False, False, True, False)])
t2: ([(0, 1, 5656470000000L, 2)], [(True, True, True, True)])
t3: ([(0, 1, 5319770000000L, 0)], [(True, False, False, False)])
t4: ([(0, 1, 5886480000000L, 0)], [(True, False, False, False)])
t5: ([(0, 1, 5885880000000L, 1)], [(False, True, False, False)])
t6: ([(0, 1, 5549230000000L, 3)], [(False, False, False, True)])
t7: ([(0, 1, 5589630000000L, 0)], [(True, True, True, True)])
t8: ([(0, 1, 5530300000000L, 1)], [(False, True, False, False)])
--------------------------------------------------------------------------------
0: 110.0 ['t3', 't4', 't7']
1: 102.0 ['t5', 't8']
2: 97.0 ['t1', 't2']
3: 98.0 ['t6']
--------------------------------------------------------------------------------
t1: ([(0, 1, 5863700000000L, 2)], [(False, False, True, False)])
t2: ([(0, 1, 5656810000000L, 0)], [(True, True, True, True)])
t3: ([(0, 1, 5320230000000L, 0)], [(True, False, False, False)])
t4: ([(0, 1, 5886760000000L, 0)], [(True, False, False, False)])
t5: ([(0, 1, 5886370000000L, 1)], [(False, True, False, False)])
t6: ([(0, 1, 5550190000000L, 3)], [(False, False, False, True)])
t7: ([(0, 1, 5589970000000L, 2)], [(True, True, True, True)])
t8: ([(0, 1, 5530810000000L, 1)], [(False, True, False, False)])
--------------------------------------------------------------------------------
0: 108.0 ['t2', 't3', 't4']
1: 100.0 ['t5', 't8']
2: 97.0 ['t1', 't7']
3: 96.0 ['t6']
--------------------------------------------------------------------------------
t1: ([(0, 1, 5864400000000L, 2)], [(False, False, True, False)])
t2: ([(0, 1, 5657230000000L, 0)], [(True, True, True, True)])
t3: ([(0, 1, 5320780000000L, 0)], [(True, False, False, False)])
t4: ([(0, 1, 5887100000000L, 0)], [(True, False, False, False)])
t5: ([(0, 1, 5886880000000L, 1)], [(False, True, False, False)])
t6: ([(0, 1, 5550900000000L, 3)], [(False, False, False, True)])
t7: ([(0, 1, 5590290000000L, 3)], [(True, True, True, True)])
t8: ([(0, 1, 5531340000000L, 1)], [(False, True, False, False)])
--------------------------------------------------------------------------------
0: 131.0 ['t2', 't3', 't4']
1: 104.0 ['t5', 't8']
2: 70.0 ['t1']
3: 103.0 ['t6', 't7']
--------------------------------------------------------------------------------
t1: ([(0, 1, 5865190000000L, 2)], [(False, False, True, False)])
t2: ([(0, 1, 5657540000000L, 3)], [(True, True, True, True)])
t3: ([(0, 1, 5321280000000L, 0)], [(True, False, False, False)])
t4: ([(0, 1, 5887470000000L, 0)], [(True, False, False, False)])
t5: ([(0, 1, 5887340000000L, 1)], [(False, True, False, False)])
t6: ([(0, 1, 5551620000000L, 3)], [(False, False, False, True)])
t7: ([(0, 1, 5590690000000L, 2)], [(True, True, True, True)])
t8: ([(0, 1, 5531820000000L, 1)], [(False, True, False, False)])
--------------------------------------------------------------------------------
0: 87.0 ['t3', 't4']
1: 94.0 ['t5', 't8']
2: 119.0 ['t1', 't7']
3: 103.0 ['t2', 't6']
--------------------------------------------------------------------------------
t1: ([(0, 1, 5865790000000L, 2)], [(False, False, True, False)])
t2: ([(0, 1, 5657860000000L, 0)], [(True, True, True, True)])
t3: ([(0, 1, 5321800000000L, 1)], [(False, True, False, False)])
t4: ([(0, 1, 5887900000000L, 0)], [(True, False, False, False)])
t5: ([(0, 1, 5887880000000L, 1)], [(False, True, False, False)])
t6: ([(0, 1, 5552400000000L, 3)], [(False, False, False, True)])
t7: ([(0, 1, 5591090000000L, 2)], [(True, True, True, True)])
t8: ([(0, 1, 5532280000000L, 0)], [(True, False, False, False)])
--------------------------------------------------------------------------------
0: 121.0 ['t2', 't4', 't8']
1: 106.0 ['t3', 't5']
2: 100.0 ['t1', 't7']
3: 78.0 ['t6']
--------------------------------------------------------------------------------
t1: ([(0, 1, 5866560000000L, 2)], [(False, False, True, False)])
t2: ([(0, 1, 5658220000000L, 2)], [(True, True, True, True)])
t3: ([(0, 1, 5322170000000L, 1)], [(False, True, False, False)])
t4: ([(0, 1, 5888280000000L, 0)], [(True, False, False, False)])
t5: ([(0, 1, 5888320000000L, 1)], [(False, True, False, False)])
t6: ([(0, 1, 5553200000000L, 3)], [(False, False, False, True)])
t7: ([(0, 1, 5591540000000L, 1)], [(True, True, True, True)])
t8: ([(0, 1, 5532760000000L, 0)], [(True, False, False, False)])
--------------------------------------------------------------------------------
0: 86.0 ['t4', 't8']
1: 126.0 ['t3', 't5', 't7']
2: 113.0 ['t1', 't2']
3: 80.0 ['t6']
--------------------------------------------------------------------------------
t1: ([(0, 1, 5867320000000L, 2)], [(False, False, True, False)])
t2: ([(0, 1, 5658520000000L, 3)], [(True, True, True, True)])
t3: ([(0, 1, 5322550000000L, 1)], [(False, True, False, False)])
t4: ([(0, 1, 5888720000000L, 0)], [(True, False, False, False)])
t5: ([(0, 1, 5888820000000L, 1)], [(False, True, False, False)])
t6: ([(0, 1, 5553940000000L, 3)], [(False, False, False, True)])
t7: ([(0, 1, 5591930000000L, 2)], [(True, True, True, True)])
t8: ([(0, 1, 5533340000000L, 0)], [(True, False, False, False)])
--------------------------------------------------------------------------------
0: 102.0 ['t4', 't8']
1: 88.0 ['t3', 't5']
2: 115.0 ['t1', 't7']
3: 104.0 ['t2', 't6']
--------------------------------------------------------------------------------
t1: ([(0, 1, 5868140000000L, 2)], [(False, False, True, False)])
t2: ([(0, 1, 5658800000000L, 3)], [(True, True, True, True)])
t3: ([(0, 1, 5322990000000L, 1)], [(False, True, False, False)])
t4: ([(0, 1, 5889100000000L, 0)], [(True, False, False, False)])
t5: ([(0, 1, 5889360000000L, 1)], [(False, True, False, False)])
t6: ([(0, 1, 5554660000000L, 3)], [(False, False, False, True)])
t7: ([(0, 1, 5592280000000L, 0)], [(True, True, True, True)])
t8: ([(0, 1, 5533830000000L, 0)], [(True, False, False, False)])
--------------------------------------------------------------------------------
0: 122.0 ['t4', 't7', 't8']
1: 98.0 ['t3', 't5']
2: 82.0 ['t1']
3: 100.0 ['t2', 't6']
--------------------------------------------------------------------------------
t1: ([(0, 1, 5868930000000L, 2)], [(False, False, True, False)])
t2: ([(0, 1, 5659090000000L, 1)], [(True, True, True, True)])
t3: ([(0, 1, 5323360000000L, 1)], [(False, True, False, False)])
t4: ([(0, 1, 5889460000000L, 0)], [(True, False, False, False)])
t5: ([(0, 1, 5889850000000L, 1)], [(False, True, False, False)])
t6: ([(0, 1, 5555570000000L, 3)], [(False, False, False, True)])
t7: ([(0, 1, 5592690000000L, 2)], [(True, True, True, True)])
t8: ([(0, 1, 5534300000000L, 0)], [(True, False, False, False)])
--------------------------------------------------------------------------------
0: 83.0 ['t4', 't8']
1: 115.0 ['t2', 't3', 't5']
2: 120.0 ['t1', 't7']
3: 91.0 ['t6']
--------------------------------------------------------------------------------
t1: ([(0, 1, 5869630000000L, 2)], [(False, False, True, False)])
t2: ([(0, 1, 5659460000000L, 2)], [(True, True, True, True)])
t3: ([(0, 1, 5323690000000L, 1)], [(False, True, False, False)])
t4: ([(0, 1, 5889870000000L, 0)], [(True, False, False, False)])
t5: ([(0, 1, 5890270000000L, 1)], [(False, True, False, False)])
t6: ([(0, 1, 5556530000000L, 3)], [(False, False, False, True)])
t7: ([(0, 1, 5592990000000L, 1)], [(True, True, True, True)])
t8: ([(0, 1, 5534830000000L, 0)], [(True, False, False, False)])
--------------------------------------------------------------------------------
0: 94.0 ['t4', 't8']
1: 105.0 ['t3', 't5', 't7']
2: 107.0 ['t1', 't2']
3: 96.0 ['t6']
--------------------------------------------------------------------------------
t1: ([(0, 1, 5870290000000L, 2)], [(False, False, True, False)])
t2: ([(0, 1, 5659740000000L, 3)], [(True, True, True, True)])
t3: ([(0, 1, 5324120000000L, 1)], [(False, True, False, False)])
t4: ([(0, 1, 5890270000000L, 0)], [(True, False, False, False)])
t5: ([(0, 1, 5890820000000L, 1)], [(False, True, False, False)])
t6: ([(0, 1, 5557370000000L, 3)], [(False, False, False, True)])
t7: ([(0, 1, 5593350000000L, 2)], [(True, True, True, True)])
t8: ([(0, 1, 5535350000000L, 0)], [(True, False, False, False)])
--------------------------------------------------------------------------------
0: 92.0 ['t4', 't8']
1: 98.0 ['t3', 't5']
2: 102.0 ['t1', 't7']
3: 112.0 ['t2', 't6']
--------------------------------------------------------------------------------
t1: ([(0, 1, 5871150000000L, 2)], [(False, False, True, False)])
t2: ([(0, 1, 5660040000000L, 1)], [(True, True, True, True)])
t3: ([(0, 1, 5324510000000L, 1)], [(False, True, False, False)])
t4: ([(0, 1, 5890670000000L, 0)], [(True, False, False, False)])
t5: ([(0, 1, 5891320000000L, 1)], [(False, True, False, False)])
t6: ([(0, 1, 5558140000000L, 3)], [(False, False, False, True)])
t7: ([(0, 1, 5593670000000L, 2)], [(True, True, True, True)])
t8: ([(0, 1, 5535870000000L, 0)], [(True, False, False, False)])
--------------------------------------------------------------------------------
0: 92.0 ['t4', 't8']
1: 119.0 ['t2', 't3', 't5']
2: 118.0 ['t1', 't7']
3: 77.0 ['t6']
--------------------------------------------------------------------------------
t1: ([(0, 1, 5871940000000L, 2)], [(False, False, True, False)])
t2: ([(0, 1, 5660340000000L, 1)], [(True, True, True, True)])
t3: ([(0, 1, 5324860000000L, 1)], [(False, True, False, False)])
t4: ([(0, 1, 5891020000000L, 0)], [(True, False, False, False)])
t5: ([(0, 1, 5891780000000L, 1)], [(False, True, False, False)])
t6: ([(0, 1, 5559150000000L, 3)], [(False, False, False, True)])
t7: ([(0, 1, 5593980000000L, 3)], [(True, True, True, True)])
t8: ([(0, 1, 5536340000000L, 0)], [(True, False, False, False)])
--------------------------------------------------------------------------------
0: 82.0 ['t4', 't8']
1: 111.0 ['t2', 't3', 't5']
2: 79.0 ['t1']
3: 132.0 ['t6', 't7']
--------------------------------------------------------------------------------
t1: ([(0, 1, 5872660000000L, 2)], [(False, False, True, False)])
t2: ([(0, 1, 5660700000000L, 0)], [(True, True, True, True)])
t3: ([(0, 1, 5325270000000L, 1)], [(False, True, False, False)])
t4: ([(0, 1, 5891450000000L, 0)], [(True, False, False, False)])
t5: ([(0, 1, 5892300000000L, 1)], [(False, True, False, False)])
t6: ([(0, 1, 5559910000000L, 3)], [(False, False, False, True)])
t7: ([(0, 1, 5594300000000L, 2)], [(True, True, True, True)])
t8: ([(0, 1, 5536900000000L, 0)], [(True, False, False, False)])
--------------------------------------------------------------------------------
0: 135.0 ['t2', 't4', 't8']
1: 93.0 ['t3', 't5']
2: 104.0 ['t1', 't7']
3: 76.0 ['t6']
--------------------------------------------------------------------------------
t1: ([(0, 1, 5873250000000L, 2)], [(False, False, True, False)])
t2: ([(0, 1, 5660980000000L, 1)], [(True, True, True, True)])
t3: ([(0, 1, 5325720000000L, 1)], [(False, True, False, False)])
t4: ([(0, 1, 5891840000000L, 0)], [(True, False, False, False)])
t5: ([(0, 1, 5892810000000L, 0)], [(True, False, False, False)])
t6: ([(0, 1, 5560830000000L, 3)], [(False, False, False, True)])
t7: ([(0, 1, 5594650000000L, 2)], [(True, True, True, True)])
t8: ([(0, 1, 5537400000000L, 1)], [(False, True, False, False)])
--------------------------------------------------------------------------------
0: 90.0 ['t4', 't5']
1: 123.0 ['t2', 't3', 't8']
2: 94.0 ['t1', 't7']
3: 92.0 ['t6']
--------------------------------------------------------------------------------
t1: ([(0, 1, 5873850000000L, 2)], [(False, False, True, False)])
t2: ([(0, 1, 5661270000000L, 1)], [(True, True, True, True)])
t3: ([(0, 1, 5326120000000L, 1)], [(False, True, False, False)])
t4: ([(0, 1, 5892210000000L, 0)], [(True, False, False, False)])
t5: ([(0, 1, 5893470000000L, 0)], [(True, False, False, False)])
t6: ([(0, 1, 5561650000000L, 3)], [(False, False, False, True)])
t7: ([(0, 1, 5595060000000L, 2)], [(True, True, True, True)])
t8: ([(0, 1, 5537940000000L, 1)], [(False, True, False, False)])
--------------------------------------------------------------------------------
0: 103.0 ['t4', 't5']
1: 123.0 ['t2', 't3', 't8']
2: 101.0 ['t1', 't7']
3: 82.0 ['t6']
--------------------------------------------------------------------------------
t1: ([(0, 1, 5874580000000L, 2)], [(False, False, True, False)])
t2: ([(0, 1, 5661560000000L, 3)], [(True, True, True, True)])
t3: ([(0, 1, 5326480000000L, 1)], [(False, True, False, False)])
t4: ([(0, 1, 5892580000000L, 0)], [(True, False, False, False)])
t5: ([(0, 1, 5894110000000L, 0)], [(True, False, False, False)])
t6: ([(0, 1, 5562420000000L, 3)], [(False, False, False, True)])
t7: ([(0, 1, 5595450000000L, 1)], [(True, True, True, True)])
t8: ([(0, 1, 5538420000000L, 1)], [(False, True, False, False)])
--------------------------------------------------------------------------------
0: 101.0 ['t4', 't5']
1: 123.0 ['t3', 't7', 't8']
2: 73.0 ['t1']
3: 106.0 ['t2', 't6']
--------------------------------------------------------------------------------
t1: ([(0, 1, 5875290000000L, 2)], [(False, False, True, False)])
t2: ([(0, 1, 5661860000000L, 3)], [(True, True, True, True)])
t3: ([(0, 1, 5326880000000L, 1)], [(False, True, False, False)])
t4: ([(0, 1, 5892950000000L, 0)], [(True, False, False, False)])
t5: ([(0, 1, 5894770000000L, 0)], [(True, False, False, False)])
t6: ([(0, 1, 5563130000000L, 3)], [(False, False, False, True)])
t7: ([(0, 1, 5595820000000L, 2)], [(True, True, True, True)])
t8: ([(0, 1, 5538950000000L, 1)], [(False, True, False, False)])
--------------------------------------------------------------------------------
0: 103.0 ['t4', 't5']
1: 93.0 ['t3', 't8']
2: 108.0 ['t1', 't7']
3: 101.0 ['t2', 't6']
--------------------------------------------------------------------------------
t1: ([(0, 1, 5875920000000L, 2)], [(False, False, True, False)])
t2: ([(0, 1, 5662170000000L, 3)], [(True, True, True, True)])
t3: ([(0, 1, 5327220000000L, 1)], [(False, True, False, False)])
t4: ([(0, 1, 5893360000000L, 0)], [(True, False, False, False)])
t5: ([(0, 1, 5895370000000L, 0)], [(True, False, False, False)])
t6: ([(0, 1, 5564050000000L, 3)], [(False, False, False, True)])
t7: ([(0, 1, 5596180000000L, 2)], [(True, True, True, True)])
t8: ([(0, 1, 5539430000000L, 1)], [(False, True, False, False)])
--------------------------------------------------------------------------------
0: 101.0 ['t4', 't5']
1: 82.0 ['t3', 't8']
2: 99.0 ['t1', 't7']
3: 123.0 ['t2', 't6']
--------------------------------------------------------------------------------
t1: ([(0, 1, 5876580000000L, 2)], [(False, False, True, False)])
t2: ([(0, 1, 5662480000000L, 3)], [(True, True, True, True)])
t3: ([(0, 1, 5327720000000L, 1)], [(False, True, False, False)])
t4: ([(0, 1, 5893870000000L, 0)], [(True, False, False, False)])
t5: ([(0, 1, 5895860000000L, 1)], [(False, True, False, False)])
t6: ([(0, 1, 5564800000000L, 3)], [(False, False, False, True)])
t7: ([(0, 1, 5596510000000L, 2)], [(True, True, True, True)])
t8: ([(0, 1, 5539930000000L, 0)], [(True, False, False, False)])
--------------------------------------------------------------------------------
0: 101.0 ['t4', 't8']
1: 99.0 ['t3', 't5']
2: 99.0 ['t1', 't7']
3: 106.0 ['t2', 't6']
--------------------------------------------------------------------------------
t1: ([(0, 1, 5877300000000L, 2)], [(False, False, True, False)])
t2: ([(0, 1, 5662830000000L, 1)], [(True, True, True, True)])
t3: ([(0, 1, 5328110000000L, 1)], [(False, True, False, False)])
t4: ([(0, 1, 5894370000000L, 0)], [(True, False, False, False)])
t5: ([(0, 1, 5896330000000L, 1)], [(False, True, False, False)])
t6: ([(0, 1, 5565570000000L, 3)], [(False, False, False, True)])
t7: ([(0, 1, 5596880000000L, 2)], [(True, True, True, True)])
t8: ([(0, 1, 5540440000000L, 0)], [(True, False, False, False)])
--------------------------------------------------------------------------------
0: 101.0 ['t4', 't8']
1: 121.0 ['t2', 't3', 't5']
2: 109.0 ['t1', 't7']
3: 77.0 ['t6']
--------------------------------------------------------------------------------
t1: ([(0, 1, 5877930000000L, 2)], [(False, False, True, False)])
t2: ([(0, 1, 5663140000000L, 3)], [(True, True, True, True)])
t3: ([(0, 1, 5328510000000L, 1)], [(False, True, False, False)])
t4: ([(0, 1, 5894800000000L, 0)], [(True, False, False, False)])
t5: ([(0, 1, 5896810000000L, 1)], [(False, True, False, False)])
t6: ([(0, 1, 5566560000000L, 3)], [(False, False, False, True)])
t7: ([(0, 1, 5597240000000L, 2)], [(True, True, True, True)])
t8: ([(0, 1, 5540920000000L, 0)], [(True, False, False, False)])
--------------------------------------------------------------------------------
0: 91.0 ['t4', 't8']
1: 88.0 ['t3', 't5']
2: 99.0 ['t1', 't7']
3: 130.0 ['t2', 't6']
--------------------------------------------------------------------------------
t1: ([(0, 1, 5878770000000L, 2)], [(False, False, True, False)])
t2: ([(0, 1, 5663440000000L, 2)], [(True, True, True, True)])
t3: ([(0, 1, 5328900000000L, 1)], [(False, True, False, False)])
t4: ([(0, 1, 5895260000000L, 0)], [(True, False, False, False)])
t5: ([(0, 1, 5897280000000L, 1)], [(False, True, False, False)])
t6: ([(0, 1, 5567360000000L, 3)], [(False, False, False, True)])
t7: ([(0, 1, 5597560000000L, 1)], [(True, True, True, True)])
t8: ([(0, 1, 5541400000000L, 0)], [(True, False, False, False)])
--------------------------------------------------------------------------------
0: 94.0 ['t4', 't8']
1: 118.0 ['t3', 't5', 't7']
2: 114.0 ['t1', 't2']
3: 80.0 ['t6']
--------------------------------------------------------------------------------
t1: ([(0, 1, 5879310000000L, 2)], [(False, False, True, False)])
t2: ([(0, 1, 5663880000000L, 2)], [(True, True, True, True)])
t3: ([(0, 1, 5329360000000L, 1)], [(False, True, False, False)])
t4: ([(0, 1, 5895870000000L, 0)], [(True, False, False, False)])
t5: ([(0, 1, 5897740000000L, 1)], [(False, True, False, False)])
t6: ([(0, 1, 5568150000000L, 3)], [(False, False, False, True)])
t7: ([(0, 1, 5597890000000L, 3)], [(True, True, True, True)])
t8: ([(0, 1, 5541810000000L, 0)], [(True, False, False, False)])
--------------------------------------------------------------------------------
0: 102.0 ['t4', 't8']
1: 92.0 ['t3', 't5']
2: 98.0 ['t1', 't2']
3: 112.0 ['t6', 't7']
--------------------------------------------------------------------------------
t1: ([(0, 1, 5880270000000L, 2)], [(False, False, True, False)])
t2: ([(0, 1, 5664370000000L, 0)], [(True, True, True, True)])
t3: ([(0, 1, 5329710000000L, 1)], [(False, True, False, False)])
t4: ([(0, 1, 5896240000000L, 1)], [(False, True, False, False)])
t5: ([(0, 1, 5898050000000L, 1)], [(False, True, False, False)])
t6: ([(0, 1, 5568820000000L, 3)], [(False, False, False, True)])
t7: ([(0, 1, 5598230000000L, 3)], [(True, True, True, True)])
t8: ([(0, 1, 5542330000000L, 0)], [(True, False, False, False)])
--------------------------------------------------------------------------------
0: 101.0 ['t2', 't8']
1: 103.0 ['t3', 't4', 't5']
2: 96.0 ['t1']
3: 101.0 ['t6', 't7']
--------------------------------------------------------------------------------
t1: ([(0, 1, 5881260000000L, 2)], [(False, False, True, False)])
t2: ([(0, 1, 5664850000000L, 0)], [(True, True, True, True)])
t3: ([(0, 1, 5330040000000L, 1)], [(False, True, False, False)])
t4: ([(0, 1, 5896630000000L, 1)], [(False, True, False, False)])
t5: ([(0, 1, 5898350000000L, 1)], [(False, True, False, False)])
t6: ([(0, 1, 5569510000000L, 3)], [(False, False, False, True)])
t7: ([(0, 1, 5598570000000L, 3)], [(True, True, True, True)])
t8: ([(0, 1, 5542870000000L, 0)], [(True, False, False, False)])
--------------------------------------------------------------------------------
0: 102.0 ['t2', 't8']
1: 102.0 ['t3', 't4', 't5']
2: 99.0 ['t1']
3: 103.0 ['t6', 't7']
--------------------------------------------------------------------------------
t1: ([(0, 1, 5882250000000L, 2)], [(False, False, True, False)])
t2: ([(0, 1, 5665360000000L, 0)], [(True, True, True, True)])
t3: ([(0, 1, 5330380000000L, 1)], [(False, True, False, False)])
t4: ([(0, 1, 5897040000000L, 1)], [(False, True, False, False)])
t5: ([(0, 1, 5898660000000L, 1)], [(False, True, False, False)])
t6: ([(0, 1, 5570200000000L, 3)], [(False, False, False, True)])
t7: ([(0, 1, 5598910000000L, 3)], [(True, True, True, True)])
t8: ([(0, 1, 5543400000000L, 0)], [(True, False, False, False)])
--------------------------------------------------------------------------------
0: 104.0 ['t2', 't8']
1: 106.0 ['t3', 't4', 't5']
2: 99.0 ['t1']
3: 103.0 ['t6', 't7']
--------------------------------------------------------------------------------
t1: ([(0, 1, 5883240000000L, 2)], [(False, False, True, False)])
t2: ([(0, 1, 5665840000000L, 0)], [(True, True, True, True)])
t3: ([(0, 1, 5330710000000L, 1)], [(False, True, False, False)])
t4: ([(0, 1, 5897430000000L, 1)], [(False, True, False, False)])
t5: ([(0, 1, 5898960000000L, 1)], [(False, True, False, False)])
t6: ([(0, 1, 5570870000000L, 3)], [(False, False, False, True)])
t7: ([(0, 1, 5599250000000L, 3)], [(True, True, True, True)])
t8: ([(0, 1, 5543940000000L, 0)], [(True, False, False, False)])
--------------------------------------------------------------------------------
0: 102.0 ['t2', 't8']
1: 102.0 ['t3', 't4', 't5']
2: 99.0 ['t1']
3: 101.0 ['t6', 't7']
--------------------------------------------------------------------------------
t1: ([(0, 1, 5884230000000L, 2)], [(False, False, True, False)])
t2: ([(0, 1, 5666320000000L, 0)], [(True, True, True, True)])
t3: ([(0, 1, 5331040000000L, 1)], [(False, True, False, False)])
t4: ([(0, 1, 5897830000000L, 1)], [(False, True, False, False)])
t5: ([(0, 1, 5899250000000L, 1)], [(False, True, False, False)])
t6: ([(0, 1, 5571550000000L, 3)], [(False, False, False, True)])
t7: ([(0, 1, 5599580000000L, 3)], [(True, True, True, True)])
t8: ([(0, 1, 5544460000000L, 0)], [(True, False, False, False)])
--------------------------------------------------------------------------------
0: 100.0 ['t2', 't8']
1: 102.0 ['t3', 't4', 't5']
2: 99.0 ['t1']
3: 101.0 ['t6', 't7']
--------------------------------------------------------------------------------
t1: ([(0, 1, 5885200000000L, 2)], [(False, False, True, False)])
t2: ([(0, 1, 5666810000000L, 0)], [(True, True, True, True)])
t3: ([(0, 1, 5331360000000L, 1)], [(False, True, False, False)])
t4: ([(0, 1, 5898230000000L, 1)], [(False, True, False, False)])
t5: ([(0, 1, 5899550000000L, 1)], [(False, True, False, False)])
t6: ([(0, 1, 5572270000000L, 3)], [(False, False, False, True)])
t7: ([(0, 1, 5599910000000L, 2)], [(True, True, True, True)])
t8: ([(0, 1, 5544990000000L, 0)], [(True, False, False, False)])
--------------------------------------------------------------------------------
0: 102.0 ['t2', 't8']
1: 102.0 ['t3', 't4', 't5']
2: 130.0 ['t1', 't7']
3: 72.0 ['t6']
--------------------------------------------------------------------------------
t1: ([(0, 1, 5885790000000L, 2)], [(False, False, True, False)])
t2: ([(0, 1, 5667300000000L, 0)], [(True, True, True, True)])
t3: ([(0, 1, 5331700000000L, 1)], [(False, True, False, False)])
t4: ([(0, 1, 5898620000000L, 1)], [(False, True, False, False)])
t5: ([(0, 1, 5899840000000L, 1)], [(False, True, False, False)])
t6: ([(0, 1, 5573280000000L, 3)], [(False, False, False, True)])
t7: ([(0, 1, 5600300000000L, 2)], [(True, True, True, True)])
t8: ([(0, 1, 5545530000000L, 0)], [(True, False, False, False)])
--------------------------------------------------------------------------------
0: 103.0 ['t2', 't8']
1: 102.0 ['t3', 't4', 't5']
2: 98.0 ['t1', 't7']
3: 101.0 ['t6']
--------------------------------------------------------------------------------
t1: ([(0, 1, 5886380000000L, 2)], [(False, False, True, False)])
t2: ([(0, 1, 5667790000000L, 0)], [(True, True, True, True)])
t3: ([(0, 1, 5332020000000L, 1)], [(False, True, False, False)])
t4: ([(0, 1, 5899020000000L, 1)], [(False, True, False, False)])
t5: ([(0, 1, 5900150000000L, 1)], [(False, True, False, False)])
t6: ([(0, 1, 5574300000000L, 3)], [(False, False, False, True)])
t7: ([(0, 1, 5600690000000L, 2)], [(True, True, True, True)])
t8: ([(0, 1, 5546070000000L, 0)], [(True, False, False, False)])
--------------------------------------------------------------------------------
0: 103.0 ['t2', 't8']
1: 103.0 ['t3', 't4', 't5']
2: 98.0 ['t1', 't7']
3: 102.0 ['t6']
--------------------------------------------------------------------------------
t1: ([(0, 1, 5886980000000L, 2)], [(False, False, True, False)])
t2: ([(0, 1, 5668260000000L, 0)], [(True, True, True, True)])
t3: ([(0, 1, 5332360000000L, 1)], [(False, True, False, False)])
t4: ([(0, 1, 5899420000000L, 1)], [(False, True, False, False)])
t5: ([(0, 1, 5900440000000L, 1)], [(False, True, False, False)])
t6: ([(0, 1, 5575330000000L, 3)], [(False, False, False, True)])
t7: ([(0, 1, 5601080000000L, 2)], [(True, True, True, True)])
t8: ([(0, 1, 5546610000000L, 0)], [(True, False, False, False)])
--------------------------------------------------------------------------------
0: 101.0 ['t2', 't8']
1: 103.0 ['t3', 't4', 't5']
2: 99.0 ['t1', 't7']
3: 103.0 ['t6']
--------------------------------------------------------------------------------
^CTraceback (most recent call last):
  File "monitor.py", line 72, in <module>
    s.run()
  File "/usr/lib/python2.7/sched.py", line 111, in run
    delayfunc(time - now)
KeyboardInterrupt
]0;root@ubuntu: ~/prj1/test/cpuroot@ubuntu:~/prj1/test/cpu# exit
exit

Script done on Thu 14 Sep 2017 06:16:23 PM PDT
